#
# There is insufficient memory for the Java Runtime Environment to continue.
# Native memory allocation (mmap) failed to map 65536 bytes for Failed to commit area from 0x00000256cce00000 to 0x00000256cce10000 of length 65536.
# Possible reasons:
#   The system is out of physical RAM or swap space
#   The process is running with CompressedOops enabled, and the Java Heap may be blocking the growth of the native heap
# Possible solutions:
#   Reduce memory load on the system
#   Increase physical memory or swap space
#   Check if swap backing store is full
#   Decrease Java heap size (-Xmx/-Xms)
#   Decrease number of Java threads
#   Decrease Java thread stack sizes (-Xss)
#   Set larger code cache with -XX:ReservedCodeCacheSize=
#   JVM is running with Unscaled Compressed Oops mode in which the Java heap is
#     placed in the first 4GB address space. The Java Heap base address is the
#     maximum limit for the native heap growth. Please use -XX:HeapBaseMinAddress
#     to set the Java Heap base and to place the Java Heap above 4GB virtual address.
# This output file may be truncated or incomplete.
#
#  Out of Memory Error (./src/hotspot/os/windows/os_windows.cpp:3387), pid=3988, tid=4380
#
# JRE version: OpenJDK Runtime Environment Corretto-11.0.14.10.1 (11.0.14.1+10) (build 11.0.14.1+10-LTS)
# Java VM: OpenJDK 64-Bit Server VM Corretto-11.0.14.10.1 (11.0.14.1+10-LTS, mixed mode, tiered, compressed oops, g1 gc, windows-amd64)
# No core dump will be written. Minidumps are not enabled by default on client versions of Windows
#

---------------  S U M M A R Y ------------

Command Line: --add-opens=java.base/java.util=ALL-UNNAMED --add-opens=java.base/java.lang=ALL-UNNAMED --add-opens=java.base/java.lang.invoke=ALL-UNNAMED --add-opens=java.prefs/java.util.prefs=ALL-UNNAMED -Xmx2048m -Dfile.encoding=UTF-8 -Duser.country=US -Duser.language=en -Duser.variant org.gradle.launcher.daemon.bootstrap.GradleDaemon 6.5

Host: AMD Ryzen 5 4600H with Radeon Graphics         , 12 cores, 7G,  Windows 10 , 64 bit Build 19041 (10.0.19041.1706)
Time: Thu May 19 11:59:02 2022 SE Asia Standard Time elapsed time: 3490.710228 seconds (0d 0h 58m 10s)

---------------  T H R E A D  ---------------

Current thread (0x00000256d1755800):  VMThread "VM Thread" [stack: 0x000000fc1d100000,0x000000fc1d200000] [id=4380]

Stack: [0x000000fc1d100000,0x000000fc1d200000]
[error occurred during error reporting (printing stack bounds), id 0xc0000005, EXCEPTION_ACCESS_VIOLATION (0xc0000005) at pc=0x00000256ba1d112d]

Native frames: (J=compiled Java code, j=interpreted, Vv=VM code, C=native code)
V  [jvm.dll+0x61e62a]
V  [jvm.dll+0x7ab569]
V  [jvm.dll+0x7acc58]
V  [jvm.dll+0x7ad295]
V  [jvm.dll+0x7ad24b]
V  [jvm.dll+0x61d9b7]
V  [jvm.dll+0x61e0c8]
C  [ntdll.dll+0xa209f]
C  [ntdll.dll+0x51454]
C  [ntdll.dll+0xa0bce]
C  0x00000256ba1d112d

VM_Operation (0x000000fc288fac00): G1CollectForAllocation, mode: safepoint, requested by thread 0x00000256d851b000


---------------  P R O C E S S  ---------------

Threads class SMR info:
_java_thread_list=0x00000256dc2f3910, length=173, elements={
0x00000256b02ae000, 0x00000256d1769000, 0x00000256d1756800, 0x00000256d20f3000,
0x00000256d1773800, 0x00000256d1775800, 0x00000256d1778800, 0x00000256d177b800,
0x00000256d177e800, 0x00000256d223a800, 0x00000256d3bf3800, 0x00000256d3925800,
0x00000256d34e3800, 0x00000256d412a800, 0x00000256d4129000, 0x00000256d4127000,
0x00000256d412b800, 0x00000256d69a8800, 0x00000256d68e9000, 0x00000256da30d000,
0x00000256da306000, 0x00000256da306800, 0x00000256da305000, 0x00000256da301000,
0x00000256da307800, 0x00000256da301800, 0x00000256da303800, 0x00000256da308800,
0x00000256da302800, 0x00000256da309000, 0x00000256da30a000, 0x00000256da304000,
0x00000256da30a800, 0x00000256da30e000, 0x00000256da30b800, 0x00000256da30c800,
0x00000256da30f800, 0x00000256da30f000, 0x00000256d69a5000, 0x00000256d69a7000,
0x00000256d69a3800, 0x00000256d69a9800, 0x00000256d69aa000, 0x00000256d69a4800,
0x00000256d69a6000, 0x00000256d69ab800, 0x00000256d69ab000, 0x00000256d69ac800,
0x00000256d69ad800, 0x00000256d69a7800, 0x00000256d69b0000, 0x00000256d69af000,
0x00000256d69ae000, 0x00000256d69b0800, 0x00000256d69b1800, 0x00000256d68e1800,
0x00000256d68e1000, 0x00000256d68e7800, 0x00000256d68e8000, 0x00000256d68e5800,
0x00000256d68e3800, 0x00000256d68e2800, 0x00000256d68ea000, 0x00000256d68e6800,
0x00000256d68e4000, 0x00000256d68ea800, 0x00000256d68e5000, 0x00000256d68ed000,
0x00000256d68ee000, 0x00000256d68eb800, 0x00000256d68ec800, 0x00000256d68ef800,
0x00000256d763f800, 0x00000256d7641000, 0x00000256d7640800, 0x00000256d763e000,
0x00000256d763d000, 0x00000256d7642000, 0x00000256d763c800, 0x00000256d7643000,
0x00000256d7644800, 0x00000256d763e800, 0x00000256d7648800, 0x00000256d764a000,
0x00000256d764b000, 0x00000256d7646000, 0x00000256d7647800, 0x00000256d7649800,
0x00000256d7647000, 0x00000256d4129800, 0x00000256d4126800, 0x00000256d4128000,
0x00000256d4125000, 0x00000256d4125800, 0x00000256d9f46800, 0x00000256d9f47800,
0x00000256d9f4a000, 0x00000256d9f49000, 0x00000256d9f4a800, 0x00000256d9f4b800,
0x00000256d9f4c800, 0x00000256d9f48000, 0x00000256d9f4d000, 0x00000256d7ccf800,
0x00000256d7cd0800, 0x00000256d7cd1000, 0x00000256d7cce800, 0x00000256d7cd2000,
0x00000256d7cd3000, 0x00000256d7cd3800, 0x00000256d7cce000, 0x00000256d7cd4800,
0x00000256d33bb800, 0x00000256d33bd000, 0x00000256d33be000, 0x00000256d33bf800,
0x00000256d33bc000, 0x00000256d33be800, 0x00000256d33ba000, 0x00000256d33c0800,
0x00000256d33ba800, 0x00000256da170800, 0x00000256da16c800, 0x00000256da171800,
0x00000256da16f000, 0x00000256da170000, 0x00000256da16e000, 0x00000256da172800,
0x00000256da173000, 0x00000256da16d800, 0x00000256da177000, 0x00000256da174000,
0x00000256da178000, 0x00000256da179000, 0x00000256da179800, 0x00000256da17a800,
0x00000256da175000, 0x00000256da17b800, 0x00000256da175800, 0x00000256da176800,
0x00000256d3ac3000, 0x00000256d3ac1800, 0x00000256d3ac5800, 0x00000256d3ac3800,
0x00000256d3ac4800, 0x00000256d3ac6000, 0x00000256d3ac7000, 0x00000256d3ac8000,
0x00000256d3ac2000, 0x00000256d3aca000, 0x00000256d3ac8800, 0x00000256d3acb000,
0x00000256d3ace800, 0x00000256d3acf000, 0x00000256d3acc000, 0x00000256d3ac9800,
0x00000256d3ad0000, 0x00000256d3acc800, 0x00000256d3acd800, 0x00000256d8515000,
0x00000256d8517000, 0x00000256d8513800, 0x00000256d8517800, 0x00000256d8514800,
0x00000256d8516000, 0x00000256d8518800, 0x00000256d8512800, 0x00000256d851b800,
0x00000256d851f000, 0x00000256d851c800, 0x00000256d851b000, 0x00000256d851e000,
0x00000256d84b1000
}

Java Threads: ( => current thread )
  0x00000256b02ae000 JavaThread "main" [_thread_blocked, id=3592, stack(0x000000fc1cb00000,0x000000fc1cc00000)]
  0x00000256d1769000 JavaThread "Reference Handler" daemon [_thread_blocked, id=8732, stack(0x000000fc1d200000,0x000000fc1d300000)]
  0x00000256d1756800 JavaThread "Finalizer" daemon [_thread_blocked, id=17024, stack(0x000000fc1d300000,0x000000fc1d400000)]
  0x00000256d20f3000 JavaThread "Signal Dispatcher" daemon [_thread_blocked, id=1988, stack(0x000000fc1d400000,0x000000fc1d500000)]
  0x00000256d1773800 JavaThread "Attach Listener" daemon [_thread_blocked, id=11004, stack(0x000000fc1d500000,0x000000fc1d600000)]
  0x00000256d1775800 JavaThread "Service Thread" daemon [_thread_blocked, id=5964, stack(0x000000fc1d600000,0x000000fc1d700000)]
  0x00000256d1778800 JavaThread "C2 CompilerThread0" daemon [_thread_blocked, id=8844, stack(0x000000fc1d700000,0x000000fc1d800000)]
  0x00000256d177b800 JavaThread "C1 CompilerThread0" daemon [_thread_blocked, id=7648, stack(0x000000fc1d800000,0x000000fc1d900000)]
  0x00000256d177e800 JavaThread "Sweeper thread" daemon [_thread_blocked, id=14772, stack(0x000000fc1d900000,0x000000fc1da00000)]
  0x00000256d223a800 JavaThread "Common-Cleaner" daemon [_thread_blocked, id=7436, stack(0x000000fc1da00000,0x000000fc1db00000)]
  0x00000256d3bf3800 JavaThread "Daemon health stats" [_thread_blocked, id=6348, stack(0x000000fc1de00000,0x000000fc1df00000)]
  0x00000256d3925800 JavaThread "Incoming local TCP Connector on port 53173" [_thread_in_native, id=1856, stack(0x000000fc1e000000,0x000000fc1e100000)]
  0x00000256d34e3800 JavaThread "Daemon periodic checks" [_thread_blocked, id=10596, stack(0x000000fc1e100000,0x000000fc1e200000)]
  0x00000256d412a800 JavaThread "Cache worker for journal cache (C:\Users\Thanh\.gradle\caches\journal-1)" [_thread_blocked, id=16840, stack(0x000000fc1f300000,0x000000fc1f400000)]
  0x00000256d4129000 JavaThread "File lock request listener" [_thread_in_native, id=14940, stack(0x000000fc1f400000,0x000000fc1f500000)]
  0x00000256d4127000 JavaThread "Cache worker for file hash cache (C:\Users\Thanh\.gradle\caches\6.5\fileHashes)" [_thread_blocked, id=16680, stack(0x000000fc1f500000,0x000000fc1f600000)]
  0x00000256d412b800 JavaThread "Cache worker for execution history cache (C:\Users\Thanh\.gradle\caches\6.5\executionHistory)" [_thread_blocked, id=7388, stack(0x000000fc1fd00000,0x000000fc1fe00000)]
  0x00000256d69a8800 JavaThread "Cache worker for file content cache (C:\Users\Thanh\.gradle\caches\6.5\fileContent)" [_thread_blocked, id=4856, stack(0x000000fc1ff00000,0x000000fc20000000)]
  0x00000256d68e9000 JavaThread "Memory manager" [_thread_blocked, id=15000, stack(0x000000fc26b00000,0x000000fc26c00000)]
  0x00000256da30d000 JavaThread "ForkJoinPool.commonPool-worker-31" daemon [_thread_blocked, id=11900, stack(0x000000fc28500000,0x000000fc28600000)]
  0x00000256da306000 JavaThread "Daemon Thread 3" [_thread_blocked, id=10800, stack(0x000000fc1c800000,0x000000fc1c900000)]
  0x00000256da306800 JavaThread "Handler for socket connection from /127.0.0.1:53173 to /127.0.0.1:56024" [_thread_in_native, id=15940, stack(0x000000fc1c900000,0x000000fc1ca00000)]
  0x00000256da305000 JavaThread "Cancel handler" [_thread_blocked, id=9312, stack(0x000000fc1ca00000,0x000000fc1cb00000)]
  0x00000256da301000 JavaThread "Daemon worker Thread 3" [_thread_blocked, id=1920, stack(0x000000fc1dc00000,0x000000fc1dd00000)]
  0x00000256da307800 JavaThread "Asynchronous log dispatcher for DefaultDaemonConnection: socket connection from /127.0.0.1:53173 to /127.0.0.1:56024" [_thread_blocked, id=1052, stack(0x000000fc1df00000,0x000000fc1e000000)]
  0x00000256da301800 JavaThread "Stdin handler" [_thread_blocked, id=12400, stack(0x000000fc1e200000,0x000000fc1e300000)]
  0x00000256da303800 JavaThread "Thread-324" [_thread_blocked, id=5456, stack(0x000000fc1e300000,0x000000fc1e400000)]
  0x00000256da308800 JavaThread "Cache worker for file hash cache (C:\Users\Thanh\AndroidStudioProjects\SignInfunction-20220518T130432Z-001\SignInfunction\.gradle\6.5\fileHashes)" [_thread_blocked, id=4896, stack(0x000000fc1e400000,0x000000fc1e500000)]
  0x00000256da302800 JavaThread "Cache worker for checksums cache (C:\Users\Thanh\AndroidStudioProjects\SignInfunction-20220518T130432Z-001\SignInfunction\.gradle\checksums)" [_thread_blocked, id=8136, stack(0x000000fc1e500000,0x000000fc1e600000)]
  0x00000256da309000 JavaThread "Cache worker for cache directory md-supplier (C:\Users\Thanh\.gradle\caches\6.5\md-supplier)" [_thread_blocked, id=4636, stack(0x000000fc1e600000,0x000000fc1e700000)]
  0x00000256da30a000 JavaThread "Cache worker for cache directory md-rule (C:\Users\Thanh\.gradle\caches\6.5\md-rule)" [_thread_blocked, id=7576, stack(0x000000fc1e700000,0x000000fc1e800000)]
  0x00000256da304000 JavaThread "Build operations" [_thread_blocked, id=3448, stack(0x000000fc1e900000,0x000000fc1ea00000)]
  0x00000256da30a800 JavaThread "Build operations Thread 2" [_thread_blocked, id=15012, stack(0x000000fc1f800000,0x000000fc1f900000)]
  0x00000256da30e000 JavaThread "Build operations Thread 3" [_thread_blocked, id=5028, stack(0x000000fc1f900000,0x000000fc1fa00000)]
  0x00000256da30b800 JavaThread "Build operations Thread 4" [_thread_blocked, id=13688, stack(0x000000fc1fa00000,0x000000fc1fb00000)]
  0x00000256da30c800 JavaThread "Build operations Thread 5" [_thread_blocked, id=12904, stack(0x000000fc1fb00000,0x000000fc1fc00000)]
  0x00000256da30f800 JavaThread "Build operations Thread 6" [_thread_blocked, id=16776, stack(0x000000fc1fc00000,0x000000fc1fd00000)]
  0x00000256da30f000 JavaThread "Build operations Thread 7" [_thread_blocked, id=5924, stack(0x000000fc1fe00000,0x000000fc1ff00000)]
  0x00000256d69a5000 JavaThread "Build operations Thread 8" [_thread_blocked, id=7160, stack(0x000000fc20000000,0x000000fc20100000)]
  0x00000256d69a7000 JavaThread "Build operations Thread 9" [_thread_blocked, id=13496, stack(0x000000fc20100000,0x000000fc20200000)]
  0x00000256d69a3800 JavaThread "Build operations Thread 10" [_thread_blocked, id=7196, stack(0x000000fc20200000,0x000000fc20300000)]
  0x00000256d69a9800 JavaThread "Build operations Thread 11" [_thread_blocked, id=15712, stack(0x000000fc20300000,0x000000fc20400000)]
  0x00000256d69aa000 JavaThread "Build operations Thread 12" [_thread_blocked, id=9436, stack(0x000000fc20400000,0x000000fc20500000)]
  0x00000256d69a4800 JavaThread "jar transforms Thread 189" [_thread_blocked, id=7284, stack(0x000000fc20500000,0x000000fc20600000)]
  0x00000256d69a6000 JavaThread "jar transforms Thread 190" [_thread_blocked, id=1808, stack(0x000000fc20600000,0x000000fc20700000)]
  0x00000256d69ab800 JavaThread "jar transforms Thread 191" [_thread_blocked, id=13764, stack(0x000000fc20700000,0x000000fc20800000)]
  0x00000256d69ab000 JavaThread "jar transforms Thread 192" [_thread_blocked, id=17004, stack(0x000000fc20800000,0x000000fc20900000)]
  0x00000256d69ac800 JavaThread "jar transforms Thread 193" [_thread_blocked, id=15456, stack(0x000000fc20900000,0x000000fc20a00000)]
  0x00000256d69ad800 JavaThread "jar transforms Thread 194" [_thread_blocked, id=16228, stack(0x000000fc20a00000,0x000000fc20b00000)]
  0x00000256d69a7800 JavaThread "jar transforms Thread 195" [_thread_blocked, id=12264, stack(0x000000fc20b00000,0x000000fc20c00000)]
  0x00000256d69b0000 JavaThread "jar transforms Thread 196" [_thread_blocked, id=4828, stack(0x000000fc20c00000,0x000000fc20d00000)]
  0x00000256d69af000 JavaThread "jar transforms Thread 197" [_thread_blocked, id=4756, stack(0x000000fc20d00000,0x000000fc20e00000)]
  0x00000256d69ae000 JavaThread "jar transforms Thread 198" [_thread_blocked, id=2252, stack(0x000000fc20e00000,0x000000fc20f00000)]
  0x00000256d69b0800 JavaThread "jar transforms Thread 199" [_thread_blocked, id=14988, stack(0x000000fc20f00000,0x000000fc21000000)]
  0x00000256d69b1800 JavaThread "jar transforms Thread 200" [_thread_blocked, id=14388, stack(0x000000fc21000000,0x000000fc21100000)]
  0x00000256d68e1800 JavaThread "jar transforms Thread 201" [_thread_blocked, id=14552, stack(0x000000fc21100000,0x000000fc21200000)]
  0x00000256d68e1000 JavaThread "jar transforms Thread 202" [_thread_blocked, id=6792, stack(0x000000fc21200000,0x000000fc21300000)]
  0x00000256d68e7800 JavaThread "jar transforms Thread 203" [_thread_blocked, id=6880, stack(0x000000fc21300000,0x000000fc21400000)]
  0x00000256d68e8000 JavaThread "jar transforms Thread 204" [_thread_blocked, id=2560, stack(0x000000fc21400000,0x000000fc21500000)]
  0x00000256d68e5800 JavaThread "jar transforms Thread 205" [_thread_blocked, id=17252, stack(0x000000fc21500000,0x000000fc21600000)]
  0x00000256d68e3800 JavaThread "jar transforms Thread 206" [_thread_blocked, id=9940, stack(0x000000fc21600000,0x000000fc21700000)]
  0x00000256d68e2800 JavaThread "jar transforms Thread 207" [_thread_blocked, id=14368, stack(0x000000fc21700000,0x000000fc21800000)]
  0x00000256d68ea000 JavaThread "jar transforms Thread 208" [_thread_blocked, id=10756, stack(0x000000fc21800000,0x000000fc21900000)]
  0x00000256d68e6800 JavaThread "jar transforms Thread 209" [_thread_blocked, id=14424, stack(0x000000fc21900000,0x000000fc21a00000)]
  0x00000256d68e4000 JavaThread "jar transforms Thread 210" [_thread_blocked, id=16268, stack(0x000000fc21a00000,0x000000fc21b00000)]
  0x00000256d68ea800 JavaThread "jar transforms Thread 211" [_thread_blocked, id=15584, stack(0x000000fc21b00000,0x000000fc21c00000)]
  0x00000256d68e5000 JavaThread "jar transforms Thread 212" [_thread_blocked, id=13140, stack(0x000000fc21c00000,0x000000fc21d00000)]
  0x00000256d68ed000 JavaThread "jar transforms Thread 213" [_thread_blocked, id=4520, stack(0x000000fc21d00000,0x000000fc21e00000)]
  0x00000256d68ee000 JavaThread "jar transforms Thread 214" [_thread_blocked, id=16444, stack(0x000000fc21e00000,0x000000fc21f00000)]
  0x00000256d68eb800 JavaThread "jar transforms Thread 215" [_thread_blocked, id=6016, stack(0x000000fc21f00000,0x000000fc22000000)]
  0x00000256d68ec800 JavaThread "jar transforms Thread 216" [_thread_blocked, id=9664, stack(0x000000fc22000000,0x000000fc22100000)]
  0x00000256d68ef800 JavaThread "jar transforms Thread 217" [_thread_blocked, id=12976, stack(0x000000fc22100000,0x000000fc22200000)]
  0x00000256d763f800 JavaThread "jar transforms Thread 218" [_thread_blocked, id=7116, stack(0x000000fc22200000,0x000000fc22300000)]
  0x00000256d7641000 JavaThread "jar transforms Thread 219" [_thread_blocked, id=13904, stack(0x000000fc22300000,0x000000fc22400000)]
  0x00000256d7640800 JavaThread "jar transforms Thread 220" [_thread_blocked, id=16532, stack(0x000000fc22400000,0x000000fc22500000)]
  0x00000256d763e000 JavaThread "jar transforms Thread 221" [_thread_blocked, id=10376, stack(0x000000fc22500000,0x000000fc22600000)]
  0x00000256d763d000 JavaThread "jar transforms Thread 222" [_thread_blocked, id=7320, stack(0x000000fc22600000,0x000000fc22700000)]
  0x00000256d7642000 JavaThread "jar transforms Thread 223" [_thread_blocked, id=9676, stack(0x000000fc22700000,0x000000fc22800000)]
  0x00000256d763c800 JavaThread "jar transforms Thread 224" [_thread_blocked, id=15044, stack(0x000000fc22800000,0x000000fc22900000)]
  0x00000256d7643000 JavaThread "jar transforms Thread 225" [_thread_blocked, id=9680, stack(0x000000fc22900000,0x000000fc22a00000)]
  0x00000256d7644800 JavaThread "jar transforms Thread 226" [_thread_blocked, id=15808, stack(0x000000fc22a00000,0x000000fc22b00000)]
  0x00000256d763e800 JavaThread "jar transforms Thread 227" [_thread_blocked, id=5132, stack(0x000000fc22b00000,0x000000fc22c00000)]
  0x00000256d7648800 JavaThread "jar transforms Thread 228" [_thread_blocked, id=8664, stack(0x000000fc22c00000,0x000000fc22d00000)]
  0x00000256d764a000 JavaThread "jar transforms Thread 229" [_thread_blocked, id=9992, stack(0x000000fc22d00000,0x000000fc22e00000)]
  0x00000256d764b000 JavaThread "jar transforms Thread 230" [_thread_blocked, id=1396, stack(0x000000fc22e00000,0x000000fc22f00000)]
  0x00000256d7646000 JavaThread "jar transforms Thread 231" [_thread_blocked, id=9332, stack(0x000000fc22f00000,0x000000fc23000000)]
  0x00000256d7647800 JavaThread "jar transforms Thread 232" [_thread_blocked, id=4188, stack(0x000000fc23000000,0x000000fc23100000)]
  0x00000256d7649800 JavaThread "jar transforms Thread 233" [_thread_blocked, id=14872, stack(0x000000fc23100000,0x000000fc23200000)]
  0x00000256d7647000 JavaThread "jar transforms Thread 234" [_thread_blocked, id=16568, stack(0x000000fc23200000,0x000000fc23300000)]
  0x00000256d4129800 JavaThread "jar transforms Thread 235" [_thread_blocked, id=12280, stack(0x000000fc23300000,0x000000fc23400000)]
  0x00000256d4126800 JavaThread "jar transforms Thread 236" [_thread_blocked, id=12268, stack(0x000000fc23400000,0x000000fc23500000)]
  0x00000256d4128000 JavaThread "jar transforms Thread 237" [_thread_blocked, id=848, stack(0x000000fc23500000,0x000000fc23600000)]
  0x00000256d4125000 JavaThread "jar transforms Thread 238" [_thread_blocked, id=7556, stack(0x000000fc23600000,0x000000fc23700000)]
  0x00000256d4125800 JavaThread "jar transforms Thread 239" [_thread_blocked, id=1692, stack(0x000000fc23700000,0x000000fc23800000)]
  0x00000256d9f46800 JavaThread "jar transforms Thread 240" [_thread_blocked, id=6928, stack(0x000000fc23800000,0x000000fc23900000)]
  0x00000256d9f47800 JavaThread "jar transforms Thread 241" [_thread_blocked, id=9920, stack(0x000000fc23900000,0x000000fc23a00000)]
  0x00000256d9f4a000 JavaThread "jar transforms Thread 242" [_thread_blocked, id=11076, stack(0x000000fc23a00000,0x000000fc23b00000)]
  0x00000256d9f49000 JavaThread "jar transforms Thread 243" [_thread_blocked, id=304, stack(0x000000fc23b00000,0x000000fc23c00000)]
  0x00000256d9f4a800 JavaThread "jar transforms Thread 244" [_thread_blocked, id=11268, stack(0x000000fc23c00000,0x000000fc23d00000)]
  0x00000256d9f4b800 JavaThread "jar transforms Thread 245" [_thread_blocked, id=1684, stack(0x000000fc23d00000,0x000000fc23e00000)]
  0x00000256d9f4c800 JavaThread "jar transforms Thread 246" [_thread_blocked, id=12596, stack(0x000000fc23e00000,0x000000fc23f00000)]
  0x00000256d9f48000 JavaThread "jar transforms Thread 247" [_thread_blocked, id=5168, stack(0x000000fc23f00000,0x000000fc24000000)]
  0x00000256d9f4d000 JavaThread "jar transforms Thread 248" [_thread_blocked, id=2532, stack(0x000000fc24000000,0x000000fc24100000)]
  0x00000256d7ccf800 JavaThread "jar transforms Thread 249" [_thread_blocked, id=11224, stack(0x000000fc24100000,0x000000fc24200000)]
  0x00000256d7cd0800 JavaThread "jar transforms Thread 250" [_thread_blocked, id=9560, stack(0x000000fc24200000,0x000000fc24300000)]
  0x00000256d7cd1000 JavaThread "jar transforms Thread 251" [_thread_blocked, id=16224, stack(0x000000fc24300000,0x000000fc24400000)]
  0x00000256d7cce800 JavaThread "jar transforms Thread 252" [_thread_blocked, id=17352, stack(0x000000fc24400000,0x000000fc24500000)]
  0x00000256d7cd2000 JavaThread "jar transforms Thread 253" [_thread_blocked, id=8496, stack(0x000000fc24500000,0x000000fc24600000)]
  0x00000256d7cd3000 JavaThread "jar transforms Thread 254" [_thread_blocked, id=11476, stack(0x000000fc24600000,0x000000fc24700000)]
  0x00000256d7cd3800 JavaThread "jar transforms Thread 255" [_thread_blocked, id=16704, stack(0x000000fc24700000,0x000000fc24800000)]
  0x00000256d7cce000 JavaThread "jar transforms Thread 256" [_thread_blocked, id=2480, stack(0x000000fc24800000,0x000000fc24900000)]
  0x00000256d7cd4800 JavaThread "jar transforms Thread 257" [_thread_blocked, id=1552, stack(0x000000fc24900000,0x000000fc24a00000)]
  0x00000256d33bb800 JavaThread "jar transforms Thread 258" [_thread_blocked, id=3888, stack(0x000000fc24a00000,0x000000fc24b00000)]
  0x00000256d33bd000 JavaThread "jar transforms Thread 259" [_thread_blocked, id=17156, stack(0x000000fc24b00000,0x000000fc24c00000)]
  0x00000256d33be000 JavaThread "jar transforms Thread 260" [_thread_blocked, id=12240, stack(0x000000fc24c00000,0x000000fc24d00000)]
  0x00000256d33bf800 JavaThread "jar transforms Thread 261" [_thread_blocked, id=16628, stack(0x000000fc24d00000,0x000000fc24e00000)]
  0x00000256d33bc000 JavaThread "jar transforms Thread 262" [_thread_blocked, id=16816, stack(0x000000fc24e00000,0x000000fc24f00000)]
  0x00000256d33be800 JavaThread "jar transforms Thread 263" [_thread_blocked, id=13156, stack(0x000000fc24f00000,0x000000fc25000000)]
  0x00000256d33ba000 JavaThread "jar transforms Thread 264" [_thread_blocked, id=12476, stack(0x000000fc25000000,0x000000fc25100000)]
  0x00000256d33c0800 JavaThread "jar transforms Thread 265" [_thread_blocked, id=2100, stack(0x000000fc25100000,0x000000fc25200000)]
  0x00000256d33ba800 JavaThread "jar transforms Thread 266" [_thread_blocked, id=500, stack(0x000000fc25200000,0x000000fc25300000)]
  0x00000256da170800 JavaThread "jar transforms Thread 267" [_thread_blocked, id=16436, stack(0x000000fc25300000,0x000000fc25400000)]
  0x00000256da16c800 JavaThread "jar transforms Thread 268" [_thread_blocked, id=11388, stack(0x000000fc25400000,0x000000fc25500000)]
  0x00000256da171800 JavaThread "jar transforms Thread 269" [_thread_blocked, id=13680, stack(0x000000fc25500000,0x000000fc25600000)]
  0x00000256da16f000 JavaThread "jar transforms Thread 270" [_thread_blocked, id=1400, stack(0x000000fc25600000,0x000000fc25700000)]
  0x00000256da170000 JavaThread "jar transforms Thread 271" [_thread_blocked, id=17264, stack(0x000000fc25700000,0x000000fc25800000)]
  0x00000256da16e000 JavaThread "jar transforms Thread 272" [_thread_blocked, id=16772, stack(0x000000fc25800000,0x000000fc25900000)]
  0x00000256da172800 JavaThread "jar transforms Thread 273" [_thread_blocked, id=17320, stack(0x000000fc25900000,0x000000fc25a00000)]
  0x00000256da173000 JavaThread "jar transforms Thread 274" [_thread_blocked, id=10048, stack(0x000000fc25a00000,0x000000fc25b00000)]
  0x00000256da16d800 JavaThread "jar transforms Thread 275" [_thread_blocked, id=8828, stack(0x000000fc25b00000,0x000000fc25c00000)]
  0x00000256da177000 JavaThread "jar transforms Thread 276" [_thread_blocked, id=15876, stack(0x000000fc25c00000,0x000000fc25d00000)]
  0x00000256da174000 JavaThread "jar transforms Thread 277" [_thread_blocked, id=9928, stack(0x000000fc25d00000,0x000000fc25e00000)]
  0x00000256da178000 JavaThread "jar transforms Thread 278" [_thread_blocked, id=7404, stack(0x000000fc25e00000,0x000000fc25f00000)]
  0x00000256da179000 JavaThread "jar transforms Thread 279" [_thread_blocked, id=14520, stack(0x000000fc25f00000,0x000000fc26000000)]
  0x00000256da179800 JavaThread "jar transforms Thread 280" [_thread_blocked, id=4316, stack(0x000000fc26000000,0x000000fc26100000)]
  0x00000256da17a800 JavaThread "jar transforms Thread 281" [_thread_blocked, id=12788, stack(0x000000fc26100000,0x000000fc26200000)]
  0x00000256da175000 JavaThread "jar transforms Thread 282" [_thread_blocked, id=3792, stack(0x000000fc26200000,0x000000fc26300000)]
  0x00000256da17b800 JavaThread "Cache worker for Build Output Cleanup Cache (C:\Users\Thanh\AndroidStudioProjects\SignInfunction-20220518T130432Z-001\SignInfunction\.gradle\buildOutputCleanup)" [_thread_blocked, id=8088, stack(0x000000fc26300000,0x000000fc26400000)]
  0x00000256da175800 JavaThread "pool-7-thread-1" [_thread_blocked, id=8780, stack(0x000000fc26400000,0x000000fc26500000)]
  0x00000256da176800 JavaThread "Cache worker for file content cache (C:\Users\Thanh\AndroidStudioProjects\SignInfunction-20220518T130432Z-001\SignInfunction\.gradle\6.5\fileContent)" [_thread_blocked, id=10416, stack(0x000000fc26500000,0x000000fc26600000)]
  0x00000256d3ac3000 JavaThread "Execution worker for ':'" [_thread_blocked, id=12312, stack(0x000000fc26600000,0x000000fc26700000)]
  0x00000256d3ac1800 JavaThread "Execution worker for ':' Thread 2" [_thread_blocked, id=9532, stack(0x000000fc26700000,0x000000fc26800000)]
  0x00000256d3ac5800 JavaThread "Execution worker for ':' Thread 3" [_thread_blocked, id=14384, stack(0x000000fc26800000,0x000000fc26900000)]
  0x00000256d3ac3800 JavaThread "Execution worker for ':' Thread 4" [_thread_blocked, id=6892, stack(0x000000fc26900000,0x000000fc26a00000)]
  0x00000256d3ac4800 JavaThread "Execution worker for ':' Thread 5" [_thread_blocked, id=14168, stack(0x000000fc26c00000,0x000000fc26d00000)]
  0x00000256d3ac6000 JavaThread "Execution worker for ':' Thread 6" [_thread_blocked, id=4352, stack(0x000000fc26d00000,0x000000fc26e00000)]
  0x00000256d3ac7000 JavaThread "Execution worker for ':' Thread 7" [_thread_blocked, id=3644, stack(0x000000fc26e00000,0x000000fc26f00000)]
  0x00000256d3ac8000 JavaThread "Execution worker for ':' Thread 8" [_thread_blocked, id=14832, stack(0x000000fc26f00000,0x000000fc27000000)]
  0x00000256d3ac2000 JavaThread "Execution worker for ':' Thread 9" [_thread_blocked, id=8484, stack(0x000000fc27000000,0x000000fc27100000)]
  0x00000256d3aca000 JavaThread "Execution worker for ':' Thread 10" [_thread_blocked, id=16812, stack(0x000000fc27100000,0x000000fc27200000)]
  0x00000256d3ac8800 JavaThread "Execution worker for ':' Thread 11" [_thread_blocked, id=12776, stack(0x000000fc27200000,0x000000fc27300000)]
  0x00000256d3acb000 JavaThread "Cache worker for execution history cache (C:\Users\Thanh\AndroidStudioProjects\SignInfunction-20220518T130432Z-001\SignInfunction\.gradle\6.5\executionHistory)" [_thread_blocked, id=15688, stack(0x000000fc27300000,0x000000fc27400000)]
  0x00000256d3ace800 JavaThread "Cache worker for Java compile cache (C:\Users\Thanh\.gradle\caches\6.5\javaCompile)" [_thread_blocked, id=5864, stack(0x000000fc1e800000,0x000000fc1e900000)]
  0x00000256d3acf000 JavaThread "Cache worker for Java compile cache (C:\Users\Thanh\AndroidStudioProjects\SignInfunction-20220518T130432Z-001\SignInfunction\.gradle\6.5\javaCompile)" [_thread_blocked, id=7512, stack(0x000000fc27400000,0x000000fc27500000)]
  0x00000256d3acc000 JavaThread "ForkJoinPool.commonPool-worker-25" daemon [_thread_blocked, id=16252, stack(0x000000fc27600000,0x000000fc27700000)]
  0x00000256d3ac9800 JavaThread "ForkJoinPool.commonPool-worker-11" daemon [_thread_blocked, id=7952, stack(0x000000fc27700000,0x000000fc27800000)]
  0x00000256d3ad0000 JavaThread "ForkJoinPool.commonPool-worker-29" daemon [_thread_blocked, id=12432, stack(0x000000fc27800000,0x000000fc27900000)]
  0x00000256d3acc800 JavaThread "ForkJoinPool.commonPool-worker-15" daemon [_thread_blocked, id=1632, stack(0x000000fc27a00000,0x000000fc27b00000)]
  0x00000256d3acd800 JavaThread "ForkJoinPool.commonPool-worker-1" daemon [_thread_blocked, id=16684, stack(0x000000fc27b00000,0x000000fc27c00000)]
  0x00000256d8515000 JavaThread "ForkJoinPool.commonPool-worker-19" daemon [_thread_blocked, id=1980, stack(0x000000fc27c00000,0x000000fc27d00000)]
  0x00000256d8517000 JavaThread "ForkJoinPool.commonPool-worker-5" daemon [_thread_blocked, id=12000, stack(0x000000fc27d00000,0x000000fc27e00000)]
  0x00000256d8513800 JavaThread "ForkJoinPool.commonPool-worker-9" daemon [_thread_blocked, id=16480, stack(0x000000fc27e00000,0x000000fc27f00000)]
  0x00000256d8517800 JavaThread "ForkJoinPool.commonPool-worker-23" daemon [_thread_blocked, id=8368, stack(0x000000fc27f00000,0x000000fc28000000)]
  0x00000256d8514800 JavaThread "ForkJoinPool.commonPool-worker-27" daemon [_thread_blocked, id=16220, stack(0x000000fc28000000,0x000000fc28100000)]
  0x00000256d8516000 JavaThread "WorkerExecutor Queue" [_thread_blocked, id=9884, stack(0x000000fc28100000,0x000000fc28200000)]
  0x00000256d8518800 JavaThread "WorkerExecutor Queue Thread 2" [_thread_blocked, id=15296, stack(0x000000fc28200000,0x000000fc28300000)]
  0x00000256d8512800 JavaThread "WorkerExecutor Queue Thread 3" [_thread_blocked, id=14448, stack(0x000000fc28300000,0x000000fc28400000)]
  0x00000256d851b800 JavaThread "WorkerExecutor Queue Thread 4" [_thread_blocked, id=916, stack(0x000000fc28400000,0x000000fc28500000)]
  0x00000256d851f000 JavaThread "WorkerExecutor Queue Thread 5" [_thread_blocked, id=14040, stack(0x000000fc28600000,0x000000fc28700000)]
  0x00000256d851c800 JavaThread "WorkerExecutor Queue Thread 6" [_thread_blocked, id=15144, stack(0x000000fc28700000,0x000000fc28800000)]
  0x00000256d851b000 JavaThread "WorkerExecutor Queue Thread 7" [_thread_blocked, id=6112, stack(0x000000fc28800000,0x000000fc28900000)]
  0x00000256d851e000 JavaThread "WorkerExecutor Queue Thread 8" [_thread_blocked, id=8076, stack(0x000000fc28900000,0x000000fc28a00000)]
  0x00000256d84b1000 JavaThread "C2 CompilerThread1" daemon [_thread_blocked, id=15224, stack(0x000000fc27500000,0x000000fc27600000)]

Other Threads:
=>0x00000256d1755800 VMThread "VM Thread" [stack: 0x000000fc1d100000,0x000000fc1d200000] [id=4380]
  0x00000256d224e800 WatcherThread [stack: 0x000000fc1db00000,0x000000fc1dc00000] [id=3680]
  0x00000256b02c3800 GCTaskThread "GC Thread#0" [stack: 0x000000fc1cc00000,0x000000fc1cd00000] [id=15708]
  0x00000256d2e36800 GCTaskThread "GC Thread#1" [stack: 0x000000fc1dd00000,0x000000fc1de00000] [id=11024]
  0x00000256d40b7800 GCTaskThread "GC Thread#2" [stack: 0x000000fc1ea00000,0x000000fc1eb00000] [id=12128]
  0x00000256d4096800 GCTaskThread "GC Thread#3" [stack: 0x000000fc1eb00000,0x000000fc1ec00000] [id=8500]
  0x00000256d4139800 GCTaskThread "GC Thread#4" [stack: 0x000000fc1ec00000,0x000000fc1ed00000] [id=11296]
  0x00000256d3c53800 GCTaskThread "GC Thread#5" [stack: 0x000000fc1ed00000,0x000000fc1ee00000] [id=5720]
  0x00000256d3f5f800 GCTaskThread "GC Thread#6" [stack: 0x000000fc1ee00000,0x000000fc1ef00000] [id=1840]
  0x00000256d40bc800 GCTaskThread "GC Thread#7" [stack: 0x000000fc1ef00000,0x000000fc1f000000] [id=4116]
  0x00000256d40bd000 GCTaskThread "GC Thread#8" [stack: 0x000000fc1f000000,0x000000fc1f100000] [id=8836]
  0x00000256d4021800 GCTaskThread "GC Thread#9" [stack: 0x000000fc1f100000,0x000000fc1f200000] [id=9736]
  0x00000256b02f7000 ConcurrentGCThread "G1 Main Marker" [stack: 0x000000fc1cd00000,0x000000fc1ce00000] [id=11828]
  0x00000256b02f8800 ConcurrentGCThread "G1 Conc#0" [stack: 0x000000fc1ce00000,0x000000fc1cf00000] [id=14960]
  0x00000256d45ce800 ConcurrentGCThread "G1 Conc#1" [stack: 0x000000fc1f600000,0x000000fc1f700000] [id=8472]
  0x00000256d45c2800 ConcurrentGCThread "G1 Conc#2" [stack: 0x000000fc1f700000,0x000000fc1f800000] [id=15204]
  0x00000256b038d000 ConcurrentGCThread "G1 Refine#0" [stack: 0x000000fc1cf00000,0x000000fc1d000000] [id=3808]
  0x00000256d3893000 ConcurrentGCThread "G1 Refine#1" [stack: 0x000000fc1f200000,0x000000fc1f300000] [id=2216]
  0x00000256dc4e4000 ConcurrentGCThread "G1 Refine#2" [stack: 0x000000fc26a00000,0x000000fc26b00000] [id=7280]
  0x00000256d6ebb000 ConcurrentGCThread "G1 Refine#3" [stack: 0x000000fc27900000,0x000000fc27a00000] [id=13020]
  0x00000256b038e000 ConcurrentGCThread "G1 Young RemSet Sampling" [stack: 0x000000fc1d000000,0x000000fc1d100000] [id=15552]

Threads with active compile tasks:
C2 CompilerThread03490734 17387       4       java.util.IdentityHashMap::put (137 bytes)
C2 CompilerThread13490734 17388       4       com.android.tools.r8.graph.i0::computeHashCode (16 bytes)

VM state:at safepoint (normal execution)

VM Mutex/Monitor currently owned by a thread:  ([mutex/lock_event])
[0x00000256b02aa570] Threads_lock - owner thread: 0x00000256d1755800
[0x00000256b02aa9f0] Heap_lock - owner thread: 0x00000256d851b000

Heap address: 0x0000000080000000, size: 2048 MB, Compressed Oops mode: 32-bit
Narrow klass base: 0x0000000000000000, Narrow klass shift: 3
Compressed class space size: 1073741824 Address: 0x0000000100000000

Heap:
 garbage-first heap   total 326656K, used 101865K [0x0000000080000000, 0x0000000100000000)
  region size 1024K, 4 young (4096K), 4 survivors (4096K)
 Metaspace       used 106770K, capacity 109491K, committed 109612K, reserved 1144832K
  class space    used 13197K, capacity 14159K, committed 14208K, reserved 1048576K
Heap Regions: E=young(eden), S=young(survivor), O=old, HS=humongous(starts), HC=humongous(continues), CS=collection set, F=free, A=archive, TAMS=top-at-mark-start (previous, next)
|   0|0x0000000080000000, 0x0000000080100000, 0x0000000080100000|100%| O|  |TAMS 0x0000000080100000, 0x0000000080000000| Complete 
|   1|0x0000000080100000, 0x0000000080200000, 0x0000000080200000|100%|HS|  |TAMS 0x0000000080200000, 0x0000000080100000| Complete 
|   2|0x0000000080200000, 0x0000000080300000, 0x0000000080300000|100%| O|  |TAMS 0x0000000080300000, 0x0000000080200000| Untracked 
|   3|0x0000000080300000, 0x0000000080400000, 0x0000000080400000|100%|HS|  |TAMS 0x0000000080400000, 0x0000000080300000| Complete 
|   4|0x0000000080400000, 0x0000000080500000, 0x0000000080500000|100%|HC|  |TAMS 0x0000000080500000, 0x0000000080400000| Complete 
|   5|0x0000000080500000, 0x0000000080600000, 0x0000000080600000|100%|HC|  |TAMS 0x0000000080600000, 0x0000000080500000| Complete 
|   6|0x0000000080600000, 0x0000000080700000, 0x0000000080700000|100%| O|  |TAMS 0x0000000080700000, 0x0000000080600000| Untracked 
|   7|0x0000000080700000, 0x0000000080800000, 0x0000000080800000|100%| O|  |TAMS 0x0000000080800000, 0x0000000080700000| Untracked 
|   8|0x0000000080800000, 0x0000000080900000, 0x0000000080900000|100%| O|  |TAMS 0x0000000080900000, 0x0000000080800000| Untracked 
|   9|0x0000000080900000, 0x0000000080a00000, 0x0000000080a00000|100%| O|  |TAMS 0x0000000080a00000, 0x0000000080900000| Untracked 
|  10|0x0000000080a00000, 0x0000000080b00000, 0x0000000080b00000|100%| O|  |TAMS 0x0000000080b00000, 0x0000000080a00000| Untracked 
|  11|0x0000000080b00000, 0x0000000080c00000, 0x0000000080c00000|100%| O|  |TAMS 0x0000000080c00000, 0x0000000080b00000| Untracked 
|  12|0x0000000080c00000, 0x0000000080d00000, 0x0000000080d00000|100%| O|  |TAMS 0x0000000080d00000, 0x0000000080c00000| Untracked 
|  13|0x0000000080d00000, 0x0000000080e00000, 0x0000000080e00000|100%| O|  |TAMS 0x0000000080e00000, 0x0000000080d00000| Untracked 
|  14|0x0000000080e00000, 0x0000000080f00000, 0x0000000080f00000|100%| O|  |TAMS 0x0000000080f00000, 0x0000000080e00000| Untracked 
|  15|0x0000000080f00000, 0x0000000081000000, 0x0000000081000000|100%| O|  |TAMS 0x0000000081000000, 0x0000000080f00000| Complete 
|  16|0x0000000081000000, 0x0000000081100000, 0x0000000081100000|100%|HS|  |TAMS 0x0000000081100000, 0x0000000081000000| Complete 
|  17|0x0000000081100000, 0x0000000081200000, 0x0000000081200000|100%|HC|  |TAMS 0x0000000081200000, 0x0000000081100000| Complete 
|  18|0x0000000081200000, 0x0000000081300000, 0x0000000081300000|100%| O|  |TAMS 0x0000000081300000, 0x0000000081200000| Untracked 
|  19|0x0000000081300000, 0x0000000081400000, 0x0000000081400000|100%| O|  |TAMS 0x0000000081400000, 0x0000000081300000| Complete 
|  20|0x0000000081400000, 0x0000000081500000, 0x0000000081500000|100%| O|  |TAMS 0x0000000081500000, 0x0000000081400000| Complete 
|  21|0x0000000081500000, 0x0000000081600000, 0x0000000081600000|100%| O|  |TAMS 0x0000000081600000, 0x0000000081500000| Complete 
|  22|0x0000000081600000, 0x0000000081700000, 0x0000000081700000|100%| O|  |TAMS 0x0000000081700000, 0x0000000081600000| Complete 
|  23|0x0000000081700000, 0x0000000081800000, 0x0000000081800000|100%| O|  |TAMS 0x0000000081800000, 0x0000000081700000| Complete 
|  24|0x0000000081800000, 0x0000000081900000, 0x0000000081900000|100%| O|  |TAMS 0x0000000081900000, 0x0000000081800000| Untracked 
|  25|0x0000000081900000, 0x0000000081a00000, 0x0000000081a00000|100%| O|  |TAMS 0x0000000081a00000, 0x0000000081900000| Untracked 
|  26|0x0000000081a00000, 0x0000000081b00000, 0x0000000081b00000|100%| O|  |TAMS 0x0000000081b00000, 0x0000000081a00000| Untracked 
|  27|0x0000000081b00000, 0x0000000081c00000, 0x0000000081c00000|100%| O|  |TAMS 0x0000000081c00000, 0x0000000081b00000| Untracked 
|  28|0x0000000081c00000, 0x0000000081d00000, 0x0000000081d00000|100%| O|  |TAMS 0x0000000081d00000, 0x0000000081c00000| Complete 
|  29|0x0000000081d00000, 0x0000000081e00000, 0x0000000081e00000|100%| O|  |TAMS 0x0000000081e00000, 0x0000000081d00000| Untracked 
|  30|0x0000000081e00000, 0x0000000081f00000, 0x0000000081f00000|100%| O|  |TAMS 0x0000000081f00000, 0x0000000081e00000| Untracked 
|  31|0x0000000081f00000, 0x0000000082000000, 0x0000000082000000|100%| O|  |TAMS 0x0000000082000000, 0x0000000081f00000| Complete 
|  32|0x0000000082000000, 0x0000000082100000, 0x0000000082100000|100%| O|  |TAMS 0x0000000082100000, 0x0000000082000000| Complete 
|  33|0x0000000082100000, 0x0000000082200000, 0x0000000082200000|100%| O|  |TAMS 0x0000000082200000, 0x0000000082100000| Untracked 
|  34|0x0000000082200000, 0x0000000082300000, 0x0000000082300000|100%| O|  |TAMS 0x0000000082300000, 0x0000000082200000| Complete 
|  35|0x0000000082300000, 0x0000000082400000, 0x0000000082400000|100%| O|  |TAMS 0x0000000082400000, 0x0000000082300000| Untracked 
|  36|0x0000000082400000, 0x0000000082500000, 0x0000000082500000|100%| O|  |TAMS 0x0000000082500000, 0x0000000082400000| Complete 
|  37|0x0000000082500000, 0x0000000082600000, 0x0000000082600000|100%| O|  |TAMS 0x0000000082600000, 0x0000000082500000| Complete 
|  38|0x0000000082600000, 0x0000000082700000, 0x0000000082700000|100%| O|  |TAMS 0x0000000082700000, 0x0000000082600000| Complete 
|  39|0x0000000082700000, 0x0000000082800000, 0x0000000082800000|100%| O|  |TAMS 0x0000000082800000, 0x0000000082700000| Complete 
|  40|0x0000000082800000, 0x0000000082900000, 0x0000000082900000|100%| O|  |TAMS 0x0000000082900000, 0x0000000082800000| Complete 
|  41|0x0000000082900000, 0x0000000082a00000, 0x0000000082a00000|100%| O|  |TAMS 0x0000000082a00000, 0x0000000082900000| Complete 
|  42|0x0000000082a00000, 0x0000000082b00000, 0x0000000082b00000|100%| O|  |TAMS 0x0000000082b00000, 0x0000000082a00000| Untracked 
|  43|0x0000000082b00000, 0x0000000082c00000, 0x0000000082c00000|100%| O|  |TAMS 0x0000000082c00000, 0x0000000082b00000| Complete 
|  44|0x0000000082c00000, 0x0000000082d00000, 0x0000000082d00000|100%| O|  |TAMS 0x0000000082d00000, 0x0000000082c00000| Complete 
|  45|0x0000000082d00000, 0x0000000082e00000, 0x0000000082e00000|100%| O|  |TAMS 0x0000000082e00000, 0x0000000082d00000| Complete 
|  46|0x0000000082e00000, 0x0000000082f00000, 0x0000000082f00000|100%| O|  |TAMS 0x0000000082f00000, 0x0000000082e00000| Complete 
|  47|0x0000000082f00000, 0x0000000083000000, 0x0000000083000000|100%| O|  |TAMS 0x0000000083000000, 0x0000000082f00000| Complete 
|  48|0x0000000083000000, 0x0000000083100000, 0x0000000083100000|100%| O|  |TAMS 0x0000000083100000, 0x0000000083000000| Complete 
|  49|0x0000000083100000, 0x0000000083200000, 0x0000000083200000|100%| O|  |TAMS 0x0000000083200000, 0x0000000083100000| Complete 
|  50|0x0000000083200000, 0x0000000083300000, 0x0000000083300000|100%| O|  |TAMS 0x0000000083300000, 0x0000000083200000| Untracked 
|  51|0x0000000083300000, 0x0000000083400000, 0x0000000083400000|100%| O|  |TAMS 0x0000000083400000, 0x0000000083300000| Untracked 
|  52|0x0000000083400000, 0x0000000083500000, 0x0000000083500000|100%| O|  |TAMS 0x0000000083500000, 0x0000000083400000| Complete 
|  53|0x0000000083500000, 0x0000000083600000, 0x0000000083600000|100%| O|  |TAMS 0x0000000083600000, 0x0000000083500000| Complete 
|  54|0x0000000083600000, 0x0000000083700000, 0x0000000083700000|100%| O|  |TAMS 0x0000000083700000, 0x0000000083600000| Complete 
|  55|0x0000000083700000, 0x0000000083800000, 0x0000000083800000|100%| O|  |TAMS 0x0000000083800000, 0x0000000083700000| Complete 
|  56|0x0000000083800000, 0x0000000083900000, 0x0000000083900000|100%| O|  |TAMS 0x0000000083900000, 0x0000000083800000| Untracked 
|  57|0x0000000083900000, 0x0000000083a00000, 0x0000000083a00000|100%| O|  |TAMS 0x0000000083a00000, 0x0000000083900000| Complete 
|  58|0x0000000083a00000, 0x0000000083b00000, 0x0000000083b00000|100%| O|  |TAMS 0x0000000083b00000, 0x0000000083a00000| Complete 
|  59|0x0000000083b00000, 0x0000000083c00000, 0x0000000083c00000|100%| O|  |TAMS 0x0000000083c00000, 0x0000000083b00000| Untracked 
|  60|0x0000000083c00000, 0x0000000083d00000, 0x0000000083d00000|100%| O|  |TAMS 0x0000000083d00000, 0x0000000083c00000| Complete 
|  61|0x0000000083d00000, 0x0000000083e00000, 0x0000000083e00000|100%| O|  |TAMS 0x0000000083e00000, 0x0000000083d00000| Complete 
|  62|0x0000000083e00000, 0x0000000083f00000, 0x0000000083f00000|100%| O|  |TAMS 0x0000000083f00000, 0x0000000083e00000| Untracked 
|  63|0x0000000083f00000, 0x0000000084000000, 0x0000000084000000|100%| O|  |TAMS 0x0000000084000000, 0x0000000083f00000| Untracked 
|  64|0x0000000084000000, 0x0000000084100000, 0x0000000084100000|100%| O|  |TAMS 0x0000000084100000, 0x0000000084000000| Complete 
|  65|0x0000000084100000, 0x0000000084200000, 0x0000000084200000|100%| O|  |TAMS 0x0000000084200000, 0x0000000084100000| Complete 
|  66|0x0000000084200000, 0x0000000084300000, 0x0000000084300000|100%| O|  |TAMS 0x0000000084300000, 0x0000000084200000| Untracked 
|  67|0x0000000084300000, 0x0000000084300000, 0x0000000084400000|  0%| F|  |TAMS 0x0000000084300000, 0x0000000084300000| Untracked 
|  68|0x0000000084400000, 0x0000000084400000, 0x0000000084500000|  0%| F|  |TAMS 0x0000000084400000, 0x0000000084400000| Untracked 
|  69|0x0000000084500000, 0x0000000084600000, 0x0000000084600000|100%| O|  |TAMS 0x0000000084600000, 0x0000000084500000| Untracked 
|  70|0x0000000084600000, 0x0000000084700000, 0x0000000084700000|100%| O|  |TAMS 0x0000000084700000, 0x0000000084600000| Untracked 
|  71|0x0000000084700000, 0x0000000084800000, 0x0000000084800000|100%| O|  |TAMS 0x0000000084800000, 0x0000000084700000| Untracked 
|  72|0x0000000084800000, 0x0000000084900000, 0x0000000084900000|100%| O|  |TAMS 0x0000000084900000, 0x0000000084800000| Untracked 
|  73|0x0000000084900000, 0x0000000084a00000, 0x0000000084a00000|100%| O|  |TAMS 0x0000000084a00000, 0x0000000084900000| Untracked 
|  74|0x0000000084a00000, 0x0000000084b00000, 0x0000000084b00000|100%| O|  |TAMS 0x0000000084b00000, 0x0000000084a00000| Untracked 
|  75|0x0000000084b00000, 0x0000000084c00000, 0x0000000084c00000|100%| O|  |TAMS 0x0000000084c00000, 0x0000000084b00000| Untracked 
|  76|0x0000000084c00000, 0x0000000084ceee00, 0x0000000084d00000| 93%| O|  |TAMS 0x0000000084ceee00, 0x0000000084c00000| Untracked 
|  77|0x0000000084d00000, 0x0000000084d00000, 0x0000000084e00000|  0%| F|  |TAMS 0x0000000084d00000, 0x0000000084d00000| Untracked 
|  78|0x0000000084e00000, 0x0000000084e00000, 0x0000000084f00000|  0%| F|  |TAMS 0x0000000084e00000, 0x0000000084e00000| Untracked 
|  79|0x0000000084f00000, 0x0000000084f00000, 0x0000000085000000|  0%| F|  |TAMS 0x0000000084f00000, 0x0000000084f00000| Untracked 
|  80|0x0000000085000000, 0x0000000085000000, 0x0000000085100000|  0%| F|  |TAMS 0x0000000085000000, 0x0000000085000000| Untracked 
|  81|0x0000000085100000, 0x0000000085200000, 0x0000000085200000|100%| O|  |TAMS 0x0000000085200000, 0x0000000085100000| Untracked 
|  82|0x0000000085200000, 0x0000000085300000, 0x0000000085300000|100%| O|  |TAMS 0x0000000085300000, 0x0000000085200000| Untracked 
|  83|0x0000000085300000, 0x0000000085400000, 0x0000000085400000|100%| O|  |TAMS 0x0000000085400000, 0x0000000085300000| Untracked 
|  84|0x0000000085400000, 0x0000000085500000, 0x0000000085500000|100%| O|  |TAMS 0x0000000085500000, 0x0000000085400000| Complete 
|  85|0x0000000085500000, 0x0000000085600000, 0x0000000085600000|100%| O|  |TAMS 0x0000000085600000, 0x0000000085500000| Complete 
|  86|0x0000000085600000, 0x0000000085700000, 0x0000000085700000|100%| O|  |TAMS 0x0000000085700000, 0x0000000085600000| Untracked 
|  87|0x0000000085700000, 0x0000000085700000, 0x0000000085800000|  0%| F|  |TAMS 0x0000000085700000, 0x0000000085700000| Untracked 
|  88|0x0000000085800000, 0x0000000085900000, 0x0000000085900000|100%| O|  |TAMS 0x0000000085900000, 0x0000000085800000| Untracked 
|  89|0x0000000085900000, 0x0000000085a00000, 0x0000000085a00000|100%| O|  |TAMS 0x0000000085a00000, 0x0000000085900000| Untracked 
|  90|0x0000000085a00000, 0x0000000085b00000, 0x0000000085b00000|100%| O|  |TAMS 0x0000000085b00000, 0x0000000085a00000| Untracked 
|  91|0x0000000085b00000, 0x0000000085c00000, 0x0000000085c00000|100%| O|  |TAMS 0x0000000085c00000, 0x0000000085b00000| Untracked 
|  92|0x0000000085c00000, 0x0000000085c00000, 0x0000000085d00000|  0%| F|  |TAMS 0x0000000085c00000, 0x0000000085c00000| Untracked 
|  93|0x0000000085d00000, 0x0000000085e00000, 0x0000000085e00000|100%| O|  |TAMS 0x0000000085e00000, 0x0000000085d00000| Untracked 
|  94|0x0000000085e00000, 0x0000000085f00000, 0x0000000085f00000|100%| O|  |TAMS 0x0000000085f00000, 0x0000000085e00000| Untracked 
|  95|0x0000000085f00000, 0x0000000086000000, 0x0000000086000000|100%| O|  |TAMS 0x0000000086000000, 0x0000000085f00000| Untracked 
|  96|0x0000000086000000, 0x0000000086100000, 0x0000000086100000|100%|HS|  |TAMS 0x0000000086000000, 0x0000000086000000| Complete 
|  97|0x0000000086100000, 0x0000000086200000, 0x0000000086200000|100%|HC|  |TAMS 0x0000000086100000, 0x0000000086100000| Complete 
|  98|0x0000000086200000, 0x0000000086300000, 0x0000000086300000|100%|HC|  |TAMS 0x0000000086200000, 0x0000000086200000| Complete 
|  99|0x0000000086300000, 0x0000000086400000, 0x0000000086400000|100%|HC|  |TAMS 0x0000000086300000, 0x0000000086300000| Complete 
| 100|0x0000000086400000, 0x0000000086500000, 0x0000000086500000|100%|HC|  |TAMS 0x0000000086400000, 0x0000000086400000| Complete 
| 101|0x0000000086500000, 0x0000000086600000, 0x0000000086600000|100%|HC|  |TAMS 0x0000000086500000, 0x0000000086500000| Complete 
| 102|0x0000000086600000, 0x0000000086700000, 0x0000000086700000|100%|HC|  |TAMS 0x0000000086600000, 0x0000000086600000| Complete 
| 103|0x0000000086700000, 0x0000000086800000, 0x0000000086800000|100%|HC|  |TAMS 0x0000000086700000, 0x0000000086700000| Complete 
| 104|0x0000000086800000, 0x0000000086800000, 0x0000000086900000|  0%| F|  |TAMS 0x0000000086800000, 0x0000000086800000| Untracked 
| 105|0x0000000086900000, 0x0000000086900000, 0x0000000086a00000|  0%| F|  |TAMS 0x0000000086900000, 0x0000000086900000| Untracked 
| 106|0x0000000086a00000, 0x0000000086a00000, 0x0000000086b00000|  0%| F|  |TAMS 0x0000000086a00000, 0x0000000086a00000| Untracked 
| 107|0x0000000086b00000, 0x0000000086b00000, 0x0000000086c00000|  0%| F|  |TAMS 0x0000000086b00000, 0x0000000086b00000| Untracked 
| 108|0x0000000086c00000, 0x0000000086c00000, 0x0000000086d00000|  0%| F|  |TAMS 0x0000000086c00000, 0x0000000086c00000| Untracked 
| 109|0x0000000086d00000, 0x0000000086d00000, 0x0000000086e00000|  0%| F|  |TAMS 0x0000000086d00000, 0x0000000086d00000| Untracked 
| 110|0x0000000086e00000, 0x0000000086e00000, 0x0000000086f00000|  0%| F|  |TAMS 0x0000000086e00000, 0x0000000086e00000| Untracked 
| 111|0x0000000086f00000, 0x0000000086f00000, 0x0000000087000000|  0%| F|  |TAMS 0x0000000086f00000, 0x0000000086f00000| Untracked 
| 112|0x0000000087000000, 0x0000000087000000, 0x0000000087100000|  0%| F|  |TAMS 0x0000000087000000, 0x0000000087000000| Untracked 
| 113|0x0000000087100000, 0x0000000087100000, 0x0000000087200000|  0%| F|  |TAMS 0x0000000087100000, 0x0000000087100000| Untracked 
| 114|0x0000000087200000, 0x0000000087200000, 0x0000000087300000|  0%| F|  |TAMS 0x0000000087200000, 0x0000000087200000| Untracked 
| 115|0x0000000087300000, 0x0000000087300000, 0x0000000087400000|  0%| F|  |TAMS 0x0000000087300000, 0x0000000087300000| Untracked 
| 116|0x0000000087400000, 0x0000000087400000, 0x0000000087500000|  0%| F|  |TAMS 0x0000000087400000, 0x0000000087400000| Untracked 
| 117|0x0000000087500000, 0x0000000087500000, 0x0000000087600000|  0%| F|  |TAMS 0x0000000087500000, 0x0000000087500000| Untracked 
| 118|0x0000000087600000, 0x000000008768b920, 0x0000000087700000| 54%| S|CS|TAMS 0x0000000087600000, 0x0000000087600000| Complete 
| 119|0x0000000087700000, 0x0000000087800000, 0x0000000087800000|100%| S|CS|TAMS 0x0000000087700000, 0x0000000087700000| Complete 
| 120|0x0000000087800000, 0x0000000087900000, 0x0000000087900000|100%| S|CS|TAMS 0x0000000087800000, 0x0000000087800000| Complete 
| 121|0x0000000087900000, 0x0000000087a00000, 0x0000000087a00000|100%| S|CS|TAMS 0x0000000087900000, 0x0000000087900000| Complete 
| 122|0x0000000087a00000, 0x0000000087a00000, 0x0000000087b00000|  0%| F|  |TAMS 0x0000000087a00000, 0x0000000087a00000| Untracked 
| 123|0x0000000087b00000, 0x0000000087b00000, 0x0000000087c00000|  0%| F|  |TAMS 0x0000000087b00000, 0x0000000087b00000| Untracked 
| 124|0x0000000087c00000, 0x0000000087c00000, 0x0000000087d00000|  0%| F|  |TAMS 0x0000000087c00000, 0x0000000087c00000| Untracked 
| 125|0x0000000087d00000, 0x0000000087d00000, 0x0000000087e00000|  0%| F|  |TAMS 0x0000000087d00000, 0x0000000087d00000| Untracked 
| 126|0x0000000087e00000, 0x0000000087e00000, 0x0000000087f00000|  0%| F|  |TAMS 0x0000000087e00000, 0x0000000087e00000| Untracked 
| 127|0x0000000087f00000, 0x0000000087f00000, 0x0000000088000000|  0%| F|  |TAMS 0x0000000087f00000, 0x0000000087f00000| Untracked 
| 128|0x0000000088000000, 0x0000000088000000, 0x0000000088100000|  0%| F|  |TAMS 0x0000000088000000, 0x0000000088000000| Untracked 
| 129|0x0000000088100000, 0x0000000088100000, 0x0000000088200000|  0%| F|  |TAMS 0x0000000088100000, 0x0000000088100000| Untracked 
| 130|0x0000000088200000, 0x0000000088200000, 0x0000000088300000|  0%| F|  |TAMS 0x0000000088200000, 0x0000000088200000| Untracked 
| 131|0x0000000088300000, 0x0000000088300000, 0x0000000088400000|  0%| F|  |TAMS 0x0000000088300000, 0x0000000088300000| Untracked 
| 132|0x0000000088400000, 0x0000000088400000, 0x0000000088500000|  0%| F|  |TAMS 0x0000000088400000, 0x0000000088400000| Untracked 
| 133|0x0000000088500000, 0x0000000088500000, 0x0000000088600000|  0%| F|  |TAMS 0x0000000088500000, 0x0000000088500000| Untracked 
| 134|0x0000000088600000, 0x0000000088600000, 0x0000000088700000|  0%| F|  |TAMS 0x0000000088600000, 0x0000000088600000| Untracked 
| 135|0x0000000088700000, 0x0000000088700000, 0x0000000088800000|  0%| F|  |TAMS 0x0000000088700000, 0x0000000088700000| Untracked 
| 136|0x0000000088800000, 0x0000000088800000, 0x0000000088900000|  0%| F|  |TAMS 0x0000000088800000, 0x0000000088800000| Untracked 
| 137|0x0000000088900000, 0x0000000088900000, 0x0000000088a00000|  0%| F|  |TAMS 0x0000000088900000, 0x0000000088900000| Untracked 
| 138|0x0000000088a00000, 0x0000000088a00000, 0x0000000088b00000|  0%| F|  |TAMS 0x0000000088a00000, 0x0000000088a00000| Untracked 
| 139|0x0000000088b00000, 0x0000000088b00000, 0x0000000088c00000|  0%| F|  |TAMS 0x0000000088b00000, 0x0000000088b00000| Untracked 
| 140|0x0000000088c00000, 0x0000000088c00000, 0x0000000088d00000|  0%| F|  |TAMS 0x0000000088c00000, 0x0000000088c00000| Untracked 
| 141|0x0000000088d00000, 0x0000000088d00000, 0x0000000088e00000|  0%| F|  |TAMS 0x0000000088d00000, 0x0000000088d00000| Untracked 
| 142|0x0000000088e00000, 0x0000000088e00000, 0x0000000088f00000|  0%| F|  |TAMS 0x0000000088e00000, 0x0000000088e00000| Untracked 
| 143|0x0000000088f00000, 0x0000000088f00000, 0x0000000089000000|  0%| F|  |TAMS 0x0000000088f00000, 0x0000000088f00000| Untracked 
| 144|0x0000000089000000, 0x0000000089000000, 0x0000000089100000|  0%| F|  |TAMS 0x0000000089000000, 0x0000000089000000| Untracked 
| 145|0x0000000089100000, 0x0000000089100000, 0x0000000089200000|  0%| F|  |TAMS 0x0000000089100000, 0x0000000089100000| Untracked 
| 146|0x0000000089200000, 0x0000000089200000, 0x0000000089300000|  0%| F|  |TAMS 0x0000000089200000, 0x0000000089200000| Untracked 
| 147|0x0000000089300000, 0x0000000089300000, 0x0000000089400000|  0%| F|  |TAMS 0x0000000089300000, 0x0000000089300000| Untracked 
| 148|0x0000000089400000, 0x0000000089400000, 0x0000000089500000|  0%| F|  |TAMS 0x0000000089400000, 0x0000000089400000| Untracked 
| 149|0x0000000089500000, 0x0000000089500000, 0x0000000089600000|  0%| F|  |TAMS 0x0000000089500000, 0x0000000089500000| Untracked 
| 150|0x0000000089600000, 0x0000000089600000, 0x0000000089700000|  0%| F|  |TAMS 0x0000000089600000, 0x0000000089600000| Untracked 
| 151|0x0000000089700000, 0x0000000089700000, 0x0000000089800000|  0%| F|  |TAMS 0x0000000089700000, 0x0000000089700000| Untracked 
| 152|0x0000000089800000, 0x0000000089800000, 0x0000000089900000|  0%| F|  |TAMS 0x0000000089800000, 0x0000000089800000| Untracked 
| 153|0x0000000089900000, 0x0000000089900000, 0x0000000089a00000|  0%| F|  |TAMS 0x0000000089900000, 0x0000000089900000| Untracked 
| 154|0x0000000089a00000, 0x0000000089a00000, 0x0000000089b00000|  0%| F|  |TAMS 0x0000000089a00000, 0x0000000089a00000| Untracked 
| 155|0x0000000089b00000, 0x0000000089b00000, 0x0000000089c00000|  0%| F|  |TAMS 0x0000000089b00000, 0x0000000089b00000| Untracked 
| 156|0x0000000089c00000, 0x0000000089c00000, 0x0000000089d00000|  0%| F|  |TAMS 0x0000000089c00000, 0x0000000089c00000| Untracked 
| 157|0x0000000089d00000, 0x0000000089d00000, 0x0000000089e00000|  0%| F|  |TAMS 0x0000000089d00000, 0x0000000089d00000| Untracked 
| 158|0x0000000089e00000, 0x0000000089e00000, 0x0000000089f00000|  0%| F|  |TAMS 0x0000000089e00000, 0x0000000089e00000| Untracked 
| 159|0x0000000089f00000, 0x0000000089f00000, 0x000000008a000000|  0%| F|  |TAMS 0x0000000089f00000, 0x0000000089f00000| Untracked 
| 160|0x000000008a000000, 0x000000008a000000, 0x000000008a100000|  0%| F|  |TAMS 0x000000008a000000, 0x000000008a000000| Untracked 
| 161|0x000000008a100000, 0x000000008a100000, 0x000000008a200000|  0%| F|  |TAMS 0x000000008a100000, 0x000000008a100000| Untracked 
| 162|0x000000008a200000, 0x000000008a200000, 0x000000008a300000|  0%| F|  |TAMS 0x000000008a200000, 0x000000008a200000| Untracked 
| 163|0x000000008a300000, 0x000000008a300000, 0x000000008a400000|  0%| F|  |TAMS 0x000000008a300000, 0x000000008a300000| Untracked 
| 164|0x000000008a400000, 0x000000008a400000, 0x000000008a500000|  0%| F|  |TAMS 0x000000008a400000, 0x000000008a400000| Untracked 
| 165|0x000000008a500000, 0x000000008a500000, 0x000000008a600000|  0%| F|  |TAMS 0x000000008a500000, 0x000000008a500000| Untracked 
| 166|0x000000008a600000, 0x000000008a600000, 0x000000008a700000|  0%| F|  |TAMS 0x000000008a600000, 0x000000008a600000| Untracked 
| 167|0x000000008a700000, 0x000000008a700000, 0x000000008a800000|  0%| F|  |TAMS 0x000000008a700000, 0x000000008a700000| Untracked 
| 168|0x000000008a800000, 0x000000008a800000, 0x000000008a900000|  0%| F|  |TAMS 0x000000008a800000, 0x000000008a800000| Untracked 
| 169|0x000000008a900000, 0x000000008a900000, 0x000000008aa00000|  0%| F|  |TAMS 0x000000008a900000, 0x000000008a900000| Untracked 
| 170|0x000000008aa00000, 0x000000008aa00000, 0x000000008ab00000|  0%| F|  |TAMS 0x000000008aa00000, 0x000000008aa00000| Untracked 

Card table byte_map: [0x00000256ca260000,0x00000256ca660000] _byte_map_base: 0x00000256c9e60000

Marking Bits (Prev, Next): (CMBitMap*) 0x00000256b02ee170, (CMBitMap*) 0x00000256b02ee138
 Prev Bits: [0x00000256cca60000, 0x00000256cea60000)
 Next Bits: [0x00000256caa60000, 0x00000256cca60000)

Polling page: 0x00000256b0390000

Metaspace:

Usage:
  Non-class:     93.10 MB capacity,    91.38 MB ( 98%) used,     1.41 MB (  2%) free+waste,   312.81 KB ( <1%) overhead. 
      Class:     13.83 MB capacity,    12.89 MB ( 93%) used,   821.41 KB (  6%) free+waste,   140.44 KB ( <1%) overhead. 
       Both:    106.92 MB capacity,   104.27 MB ( 98%) used,     2.21 MB (  2%) free+waste,   453.25 KB ( <1%) overhead. 

Virtual space:
  Non-class space:       94.00 MB reserved,      93.17 MB (>99%) committed 
      Class space:        1.00 GB reserved,      13.88 MB (  1%) committed 
             Both:        1.09 GB reserved,     107.04 MB ( 10%) committed 

Chunk freelists:
   Non-Class:  8.00 KB
       Class:  17.00 KB
        Both:  25.00 KB

MaxMetaspaceSize: 17179869184.00 GB
CompressedClassSpaceSize: 1.00 GB
Initial GC threshold: 20.80 MB
Current GC threshold: 178.41 MB
CDS: off

CodeHeap 'non-profiled nmethods': size=120000Kb used=12125Kb max_used=12125Kb free=107874Kb
 bounds [0x00000256c1ca0000, 0x00000256c2880000, 0x00000256c91d0000]
CodeHeap 'profiled nmethods': size=120000Kb used=36006Kb max_used=36006Kb free=83993Kb
 bounds [0x00000256ba770000, 0x00000256bcaa0000, 0x00000256c1ca0000]
CodeHeap 'non-nmethods': size=5760Kb used=2394Kb max_used=2456Kb free=3365Kb
 bounds [0x00000256ba1d0000, 0x00000256ba440000, 0x00000256ba770000]
 total_blobs=17819 nmethods=16904 adapters=826
 compilation: enabled
              stopped_count=0, restarted_count=0
 full_count=0

Compilation events (20 events):
Event: 3490.568 Thread 0x00000256d177b800 17383       1       com.android.builder.dexing.DexArchiveEntry::getRelativePathInArchive (5 bytes)
Event: 3490.568 Thread 0x00000256d177b800 nmethod 17383 0x00000256c2876590 code [0x00000256c2876740, 0x00000256c28767f8]
Event: 3490.570 Thread 0x00000256d177b800 17384       3       java.util.stream.AbstractPipeline::onClose (52 bytes)
Event: 3490.570 Thread 0x00000256d177b800 nmethod 17384 0x00000256bca97c10 code [0x00000256bca97e20, 0x00000256bca98328]
Event: 3490.643 Thread 0x00000256d1778800 17385       4       java.util.regex.Pattern$$Lambda$6/0x0000000100065440::is (5 bytes)
Event: 3490.644 Thread 0x00000256d1778800 nmethod 17385 0x00000256c2876890 code [0x00000256c2876a20, 0x00000256c2876af8]
Event: 3490.654 Thread 0x00000256d1778800 17386       4       sun.nio.fs.WindowsFileAttributes::fromFileAttributeData (104 bytes)
Event: 3490.655 Thread 0x00000256d1778800 nmethod 17386 0x00000256c2876c10 code [0x00000256c2876da0, 0x00000256c2876eb8]
Event: 3490.675 Thread 0x00000256d1778800 17387       4       java.util.IdentityHashMap::put (137 bytes)
Event: 3490.676 Thread 0x00000256d177b800 17390       3       com.android.tools.r8.graph.Z::a (32 bytes)
Event: 3490.676 Thread 0x00000256d177b800 nmethod 17390 0x00000256bca98510 code [0x00000256bca98720, 0x00000256bca98bf8]
Event: 3490.676 Thread 0x00000256d177b800 17391       3       com.android.tools.r8.q.a.a.b.k::<init> (5 bytes)
Event: 3490.676 Thread 0x00000256d177b800 nmethod 17391 0x00000256bca98e90 code [0x00000256bca99040, 0x00000256bca99198]
Event: 3490.676 Thread 0x00000256d177b800 17393       3       java.lang.Integer::toString (55 bytes)
Event: 3490.676 Thread 0x00000256d177b800 nmethod 17393 0x00000256bca99290 code [0x00000256bca99480, 0x00000256bca997f8]
Event: 3490.676 Thread 0x00000256d177b800 17395       1       com.android.tools.r8.ProgramResource$ByteResource::getKind (5 bytes)
Event: 3490.676 Thread 0x00000256d177b800 nmethod 17395 0x00000256c2876f90 code [0x00000256c2877140, 0x00000256c28771f8]
Event: 3490.676 Thread 0x00000256d84b1000 17394       4       com.android.tools.r8.graph.i0::computeEquals (45 bytes)
Event: 3490.677 Thread 0x00000256d84b1000 nmethod 17394 0x00000256c2877290 code [0x00000256c2877420, 0x00000256c28775d8]
Event: 3490.677 Thread 0x00000256d84b1000 17388       4       com.android.tools.r8.graph.i0::computeHashCode (16 bytes)

GC Heap History (20 events):
Event: 3488.071 GC heap after
{Heap after GC invocations=70 (full 0):
 garbage-first heap   total 145408K, used 92049K [0x0000000080000000, 0x0000000100000000)
  region size 1024K, 2 young (2048K), 2 survivors (2048K)
 Metaspace       used 97701K, capacity 100025K, committed 100140K, reserved 1136640K
  class space    used 11848K, capacity 12615K, committed 12672K, reserved 1048576K
}
Event: 3488.082 GC heap before
{Heap before GC invocations=70 (full 0):
 garbage-first heap   total 145408K, used 96145K [0x0000000080000000, 0x0000000100000000)
  region size 1024K, 7 young (7168K), 2 survivors (2048K)
 Metaspace       used 97701K, capacity 100025K, committed 100140K, reserved 1136640K
  class space    used 11848K, capacity 12615K, committed 12672K, reserved 1048576K
}
Event: 3488.090 GC heap after
{Heap after GC invocations=71 (full 0):
 garbage-first heap   total 145408K, used 80989K [0x0000000080000000, 0x0000000100000000)
  region size 1024K, 1 young (1024K), 1 survivors (1024K)
 Metaspace       used 97701K, capacity 100025K, committed 100140K, reserved 1136640K
  class space    used 11848K, capacity 12615K, committed 12672K, reserved 1048576K
}
Event: 3488.098 GC heap before
{Heap before GC invocations=71 (full 0):
 garbage-first heap   total 145408K, used 86109K [0x0000000080000000, 0x0000000100000000)
  region size 1024K, 7 young (7168K), 1 survivors (1024K)
 Metaspace       used 97701K, capacity 100025K, committed 100140K, reserved 1136640K
  class space    used 11848K, capacity 12615K, committed 12672K, reserved 1048576K
}
Event: 3488.102 GC heap after
{Heap after GC invocations=72 (full 0):
 garbage-first heap   total 145408K, used 81013K [0x0000000080000000, 0x0000000100000000)
  region size 1024K, 1 young (1024K), 1 survivors (1024K)
 Metaspace       used 97701K, capacity 100025K, committed 100140K, reserved 1136640K
  class space    used 11848K, capacity 12615K, committed 12672K, reserved 1048576K
}
Event: 3488.139 GC heap before
{Heap before GC invocations=72 (full 0):
 garbage-first heap   total 145408K, used 114805K [0x0000000080000000, 0x0000000100000000)
  region size 1024K, 35 young (35840K), 1 survivors (1024K)
 Metaspace       used 97703K, capacity 100025K, committed 100140K, reserved 1136640K
  class space    used 11848K, capacity 12615K, committed 12672K, reserved 1048576K
}
Event: 3488.141 GC heap after
{Heap after GC invocations=73 (full 0):
 garbage-first heap   total 145408K, used 81546K [0x0000000080000000, 0x0000000100000000)
  region size 1024K, 1 young (1024K), 1 survivors (1024K)
 Metaspace       used 97703K, capacity 100025K, committed 100140K, reserved 1136640K
  class space    used 11848K, capacity 12615K, committed 12672K, reserved 1048576K
}
Event: 3488.213 GC heap before
{Heap before GC invocations=73 (full 0):
 garbage-first heap   total 145408K, used 117386K [0x0000000080000000, 0x0000000100000000)
  region size 1024K, 37 young (37888K), 1 survivors (1024K)
 Metaspace       used 97704K, capacity 100025K, committed 100140K, reserved 1136640K
  class space    used 11848K, capacity 12615K, committed 12672K, reserved 1048576K
}
Event: 3488.215 GC heap after
{Heap after GC invocations=74 (full 0):
 garbage-first heap   total 145408K, used 82287K [0x0000000080000000, 0x0000000100000000)
  region size 1024K, 2 young (2048K), 2 survivors (2048K)
 Metaspace       used 97704K, capacity 100025K, committed 100140K, reserved 1136640K
  class space    used 11848K, capacity 12615K, committed 12672K, reserved 1048576K
}
Event: 3488.274 GC heap before
{Heap before GC invocations=75 (full 0):
 garbage-first heap   total 145408K, used 118127K [0x0000000080000000, 0x0000000100000000)
  region size 1024K, 38 young (38912K), 2 survivors (2048K)
 Metaspace       used 97705K, capacity 100025K, committed 100140K, reserved 1136640K
  class space    used 11848K, capacity 12615K, committed 12672K, reserved 1048576K
}
Event: 3488.277 GC heap after
{Heap after GC invocations=76 (full 0):
 garbage-first heap   total 145408K, used 82902K [0x0000000080000000, 0x0000000100000000)
  region size 1024K, 3 young (3072K), 3 survivors (3072K)
 Metaspace       used 97705K, capacity 100025K, committed 100140K, reserved 1136640K
  class space    used 11848K, capacity 12615K, committed 12672K, reserved 1048576K
}
Event: 3488.282 GC heap before
{Heap before GC invocations=76 (full 0):
 garbage-first heap   total 145408K, used 85974K [0x0000000080000000, 0x0000000100000000)
  region size 1024K, 7 young (7168K), 3 survivors (3072K)
 Metaspace       used 97705K, capacity 100025K, committed 100140K, reserved 1136640K
  class space    used 11848K, capacity 12615K, committed 12672K, reserved 1048576K
}
Event: 3488.289 GC heap after
{Heap after GC invocations=77 (full 0):
 garbage-first heap   total 175104K, used 82372K [0x0000000080000000, 0x0000000100000000)
  region size 1024K, 1 young (1024K), 1 survivors (1024K)
 Metaspace       used 97705K, capacity 100025K, committed 100140K, reserved 1136640K
  class space    used 11848K, capacity 12615K, committed 12672K, reserved 1048576K
}
Event: 3488.361 GC heap before
{Heap before GC invocations=77 (full 0):
 garbage-first heap   total 175104K, used 113092K [0x0000000080000000, 0x0000000100000000)
  region size 1024K, 33 young (33792K), 1 survivors (1024K)
 Metaspace       used 97770K, capacity 100032K, committed 100140K, reserved 1136640K
  class space    used 11858K, capacity 12617K, committed 12672K, reserved 1048576K
}
Event: 3488.367 GC heap after
{Heap after GC invocations=78 (full 0):
 garbage-first heap   total 175104K, used 87353K [0x0000000080000000, 0x0000000100000000)
  region size 1024K, 6 young (6144K), 6 survivors (6144K)
 Metaspace       used 97770K, capacity 100032K, committed 100140K, reserved 1136640K
  class space    used 11858K, capacity 12617K, committed 12672K, reserved 1048576K
}
Event: 3488.868 GC heap before
{Heap before GC invocations=79 (full 0):
 garbage-first heap   total 175104K, used 135481K [0x0000000080000000, 0x0000000100000000)
  region size 1024K, 52 young (53248K), 6 survivors (6144K)
 Metaspace       used 102949K, capacity 105493K, committed 105644K, reserved 1140736K
  class space    used 12648K, capacity 13563K, committed 13568K, reserved 1048576K
}
Event: 3488.875 GC heap after
{Heap after GC invocations=80 (full 0):
 garbage-first heap   total 175104K, used 94986K [0x0000000080000000, 0x0000000100000000)
  region size 1024K, 6 young (6144K), 6 survivors (6144K)
 Metaspace       used 102949K, capacity 105493K, committed 105644K, reserved 1140736K
  class space    used 12648K, capacity 13563K, committed 13568K, reserved 1048576K
}
Event: 3489.699 GC heap before
{Heap before GC invocations=80 (full 0):
 garbage-first heap   total 175104K, used 137994K [0x0000000080000000, 0x0000000100000000)
  region size 1024K, 49 young (50176K), 6 survivors (6144K)
 Metaspace       used 106567K, capacity 109319K, committed 109612K, reserved 1144832K
  class space    used 13158K, capacity 14108K, committed 14208K, reserved 1048576K
}
Event: 3489.704 GC heap after
{Heap after GC invocations=81 (full 0):
 garbage-first heap   total 175104K, used 92135K [0x0000000080000000, 0x0000000100000000)
  region size 1024K, 3 young (3072K), 3 survivors (3072K)
 Metaspace       used 106567K, capacity 109319K, committed 109612K, reserved 1144832K
  class space    used 13158K, capacity 14108K, committed 14208K, reserved 1048576K
}
Event: 3490.678 GC heap before
{Heap before GC invocations=82 (full 0):
 garbage-first heap   total 175104K, used 146407K [0x0000000080000000, 0x0000000100000000)
  region size 1024K, 49 young (50176K), 3 survivors (3072K)
 Metaspace       used 106770K, capacity 109491K, committed 109612K, reserved 1144832K
  class space    used 13197K, capacity 14159K, committed 14208K, reserved 1048576K
}

Deoptimization events (20 events):
Event: 3489.281 Thread 0x00000256d8516000 DEOPT PACKING pc=0x00000256c24bfbb4 sp=0x000000fc281fd7e0
Event: 3489.281 Thread 0x00000256d8516000 DEOPT UNPACKING pc=0x00000256ba21a1af sp=0x000000fc281fd780 mode 2
Event: 3489.316 Thread 0x00000256d8516000 Uncommon trap: trap_request=0xffffffe4 fr.pc=0x00000256c28275d0 relative=0x0000000000000210
Event: 3489.316 Thread 0x00000256d8516000 Uncommon trap: reason=range_check action=make_not_entrant pc=0x00000256c28275d0 method=com.android.tools.r8.graph.i0.b(Lcom/android/tools/r8/graph/i0;)I @ 9 c2
Event: 3489.316 Thread 0x00000256d8516000 DEOPT PACKING pc=0x00000256c28275d0 sp=0x000000fc281fd610
Event: 3489.316 Thread 0x00000256d8516000 DEOPT UNPACKING pc=0x00000256ba21a1af sp=0x000000fc281fd588 mode 2
Event: 3489.454 Thread 0x00000256d3ac3000 DEOPT PACKING pc=0x00000256bbaab31c sp=0x000000fc266fd710
Event: 3489.454 Thread 0x00000256d3ac3000 DEOPT UNPACKING pc=0x00000256ba21a95e sp=0x000000fc266fcc40 mode 0
Event: 3489.454 Thread 0x00000256d3ac3000 DEOPT PACKING pc=0x00000256bbab3d1c sp=0x000000fc266fd800
Event: 3489.454 Thread 0x00000256d3ac3000 DEOPT UNPACKING pc=0x00000256ba21a95e sp=0x000000fc266fcc88 mode 0
Event: 3489.739 Thread 0x00000256d3ac3000 DEOPT PACKING pc=0x00000256bbb2de9f sp=0x000000fc266fbaa0
Event: 3489.739 Thread 0x00000256d3ac3000 DEOPT UNPACKING pc=0x00000256ba21a95e sp=0x000000fc266fb008 mode 0
Event: 3489.739 Thread 0x00000256d3ac3000 DEOPT PACKING pc=0x00000256bbb0c193 sp=0x000000fc266fbea0
Event: 3489.739 Thread 0x00000256d3ac3000 DEOPT UNPACKING pc=0x00000256ba21a95e sp=0x000000fc266fb338 mode 0
Event: 3489.836 Thread 0x00000256d851b000 DEOPT PACKING pc=0x00000256bb99cf7e sp=0x000000fc288fd150
Event: 3489.836 Thread 0x00000256d851b000 DEOPT UNPACKING pc=0x00000256ba21a95e sp=0x000000fc288fc610 mode 0
Event: 3490.676 Thread 0x00000256d851b000 Uncommon trap: trap_request=0xffffffc6 fr.pc=0x00000256c2304048 relative=0x0000000000000088
Event: 3490.676 Thread 0x00000256d851b000 Uncommon trap: reason=bimorphic_or_optimized_type_check action=maybe_recompile pc=0x00000256c2304048 method=java.util.stream.StreamOpFlag.fromCharacteristics(Ljava/util/Spliterator;)I @ 14 c2
Event: 3490.676 Thread 0x00000256d851b000 DEOPT PACKING pc=0x00000256c2304048 sp=0x000000fc288fd980
Event: 3490.676 Thread 0x00000256d851b000 DEOPT UNPACKING pc=0x00000256ba21a1af sp=0x000000fc288fd918 mode 2

Classes redefined (0 events):
No events

Internal exceptions (20 events):
Event: 3489.291 Thread 0x00000256d8516000 Exception <a 'sun/nio/fs/WindowsException'{0x00000000892ddb60}> (0x00000000892ddb60) thrown at [./src/hotspot/share/prims/jni.cpp, line 616]
Event: 3489.293 Thread 0x00000256d8516000 Exception <a 'sun/nio/fs/WindowsException'{0x00000000892e5230}> (0x00000000892e5230) thrown at [./src/hotspot/share/prims/jni.cpp, line 616]
Event: 3489.295 Thread 0x00000256d8516000 Exception <a 'sun/nio/fs/WindowsException'{0x00000000892ec900}> (0x00000000892ec900) thrown at [./src/hotspot/share/prims/jni.cpp, line 616]
Event: 3489.297 Thread 0x00000256d8516000 Exception <a 'sun/nio/fs/WindowsException'{0x00000000892f3948}> (0x00000000892f3948) thrown at [./src/hotspot/share/prims/jni.cpp, line 616]
Event: 3489.299 Thread 0x00000256d8516000 Exception <a 'sun/nio/fs/WindowsException'{0x00000000890c5f28}> (0x00000000890c5f28) thrown at [./src/hotspot/share/prims/jni.cpp, line 616]
Event: 3489.301 Thread 0x00000256d8516000 Exception <a 'sun/nio/fs/WindowsException'{0x00000000890cc6e8}> (0x00000000890cc6e8) thrown at [./src/hotspot/share/prims/jni.cpp, line 616]
Event: 3489.302 Thread 0x00000256d8516000 Exception <a 'sun/nio/fs/WindowsException'{0x00000000890d2e00}> (0x00000000890d2e00) thrown at [./src/hotspot/share/prims/jni.cpp, line 616]
Event: 3489.304 Thread 0x00000256d8516000 Exception <a 'sun/nio/fs/WindowsException'{0x00000000890d9ea0}> (0x00000000890d9ea0) thrown at [./src/hotspot/share/prims/jni.cpp, line 616]
Event: 3489.306 Thread 0x00000256d8516000 Exception <a 'sun/nio/fs/WindowsException'{0x00000000890e0ef8}> (0x00000000890e0ef8) thrown at [./src/hotspot/share/prims/jni.cpp, line 616]
Event: 3489.307 Thread 0x00000256d8516000 Exception <a 'sun/nio/fs/WindowsException'{0x00000000890e81b0}> (0x00000000890e81b0) thrown at [./src/hotspot/share/prims/jni.cpp, line 616]
Event: 3489.309 Thread 0x00000256d8516000 Exception <a 'sun/nio/fs/WindowsException'{0x00000000890f0e48}> (0x00000000890f0e48) thrown at [./src/hotspot/share/prims/jni.cpp, line 616]
Event: 3489.311 Thread 0x00000256d8516000 Exception <a 'sun/nio/fs/WindowsException'{0x00000000890f8000}> (0x00000000890f8000) thrown at [./src/hotspot/share/prims/jni.cpp, line 616]
Event: 3489.313 Thread 0x00000256d8516000 Exception <a 'sun/nio/fs/WindowsException'{0x0000000088dc81f8}> (0x0000000088dc81f8) thrown at [./src/hotspot/share/prims/jni.cpp, line 616]
Event: 3489.315 Thread 0x00000256d8516000 Exception <a 'sun/nio/fs/WindowsException'{0x0000000088dcf4b0}> (0x0000000088dcf4b0) thrown at [./src/hotspot/share/prims/jni.cpp, line 616]
Event: 3489.317 Thread 0x00000256d8516000 Exception <a 'sun/nio/fs/WindowsException'{0x0000000088dd6bb8}> (0x0000000088dd6bb8) thrown at [./src/hotspot/share/prims/jni.cpp, line 616]
Event: 3489.319 Thread 0x00000256d8516000 Exception <a 'sun/nio/fs/WindowsException'{0x0000000088dde2c0}> (0x0000000088dde2c0) thrown at [./src/hotspot/share/prims/jni.cpp, line 616]
Event: 3489.322 Thread 0x00000256d8516000 Exception <a 'sun/nio/fs/WindowsException'{0x0000000088de6ae0}> (0x0000000088de6ae0) thrown at [./src/hotspot/share/prims/jni.cpp, line 616]
Event: 3489.326 Thread 0x00000256d8516000 Exception <a 'sun/nio/fs/WindowsException'{0x0000000088def340}> (0x0000000088def340) thrown at [./src/hotspot/share/prims/jni.cpp, line 616]
Event: 3489.832 Thread 0x00000256d3ac3000 Exception <a 'java/lang/NoSuchMethodError'{0x0000000088ceb108}: <clinit>> (0x0000000088ceb108) thrown at [./src/hotspot/share/prims/jni.cpp, line 1366]
Event: 3490.675 Thread 0x00000256d851b000 Exception <a 'sun/nio/fs/WindowsException'{0x0000000087abd568}> (0x0000000087abd568) thrown at [./src/hotspot/share/prims/jni.cpp, line 616]

Events (20 events):
Event: 3489.884 loading class com/android/builder/dexing/DexArchives done
Event: 3489.884 loading class com/android/builder/dexing/DexArchive
Event: 3489.884 loading class com/android/builder/dexing/DexArchive done
Event: 3489.885 loading class com/android/builder/dexing/DirDexArchive
Event: 3489.885 loading class com/android/builder/dexing/DirDexArchive done
Event: 3489.893 loading class com/android/builder/dexing/DexArchiveEntry
Event: 3489.893 loading class com/android/builder/dexing/DexArchiveEntry done
Event: 3490.397 Thread 0x00000256d84b1000 Thread exited: 0x00000256d84b1000
Event: 3490.563 loading class com/android/tools/r8/origin/Origin
Event: 3490.563 loading class com/android/tools/r8/origin/Origin done
Event: 3490.563 loading class com/android/tools/r8/D8Command$Builder
Event: 3490.563 loading class com/android/tools/r8/D8Command$Builder done
Event: 3490.621 loading class com/android/builder/dexing/NonIncrementalJarDexArchive
Event: 3490.621 loading class com/android/builder/dexing/NonIncrementalJarDexArchive done
Event: 3490.676 Thread 0x00000256d84b1000 Thread added: 0x00000256d84b1000
Event: 3490.676 loading class com/android/tools/r8/utils/X0
Event: 3490.676 loading class com/android/tools/r8/utils/X0 done
Event: 3490.677 loading class com/android/tools/r8/dex/n
Event: 3490.677 loading class com/android/tools/r8/dex/n done
Event: 3490.678 Executing VM operation: G1CollectForAllocation


Dynamic libraries:
0x00007ff6fbe60000 - 0x00007ff6fbe6d000 	C:\Users\Thanh\.jdks\corretto-11.0.14.1\bin\java.exe
0x00007fff3dcf0000 - 0x00007fff3dee5000 	C:\Windows\SYSTEM32\ntdll.dll
0x00007fff3db20000 - 0x00007fff3dbdd000 	C:\Windows\System32\KERNEL32.DLL
0x00007fff3b7c0000 - 0x00007fff3ba8d000 	C:\Windows\System32\KERNELBASE.dll
0x00007fff3baf0000 - 0x00007fff3bbf0000 	C:\Windows\System32\ucrtbase.dll
0x00007fff341c0000 - 0x00007fff341d7000 	C:\Users\Thanh\.jdks\corretto-11.0.14.1\bin\jli.dll
0x00007fff341a0000 - 0x00007fff341b9000 	C:\Users\Thanh\.jdks\corretto-11.0.14.1\bin\VCRUNTIME140.dll
0x00007fff3d000000 - 0x00007fff3d1a0000 	C:\Windows\System32\USER32.dll
0x00007fff3ba90000 - 0x00007fff3bab2000 	C:\Windows\System32\win32u.dll
0x00007fff3cb50000 - 0x00007fff3cb7a000 	C:\Windows\System32\GDI32.dll
0x00007fff2afb0000 - 0x00007fff2b24a000 	C:\Windows\WinSxS\amd64_microsoft.windows.common-controls_6595b64144ccf1df_6.0.19041.1110_none_60b5254171f9507e\COMCTL32.dll
0x00007fff3b400000 - 0x00007fff3b50b000 	C:\Windows\System32\gdi32full.dll
0x00007fff3bca0000 - 0x00007fff3bd3d000 	C:\Windows\System32\msvcp_win.dll
0x00007fff3bd40000 - 0x00007fff3bdde000 	C:\Windows\System32\msvcrt.dll
0x00007fff3d6f0000 - 0x00007fff3d720000 	C:\Windows\System32\IMM32.DLL
0x00007fff0da40000 - 0x00007fff0dadb000 	C:\Users\Thanh\.jdks\corretto-11.0.14.1\bin\msvcp140.dll
0x00007ffec8130000 - 0x00007ffec8cb3000 	C:\Users\Thanh\.jdks\corretto-11.0.14.1\bin\server\jvm.dll
0x00007fff3d360000 - 0x00007fff3d40e000 	C:\Windows\System32\ADVAPI32.dll
0x00007fff3c620000 - 0x00007fff3c6bc000 	C:\Windows\System32\sechost.dll
0x00007fff3d1a0000 - 0x00007fff3d2c5000 	C:\Windows\System32\RPCRT4.dll
0x00007fff3bde0000 - 0x00007fff3bde8000 	C:\Windows\System32\PSAPI.DLL
0x00007fff0f5f0000 - 0x00007fff0f5f9000 	C:\Windows\SYSTEM32\WSOCK32.dll
0x00007fff347f0000 - 0x00007fff347fa000 	C:\Windows\SYSTEM32\VERSION.dll
0x00007fff3d410000 - 0x00007fff3d47b000 	C:\Windows\System32\WS2_32.dll
0x00007fff32560000 - 0x00007fff32587000 	C:\Windows\SYSTEM32\WINMM.dll
0x00007fff39c90000 - 0x00007fff39ca2000 	C:\Windows\SYSTEM32\kernel.appcore.dll
0x00007fff38650000 - 0x00007fff38660000 	C:\Users\Thanh\.jdks\corretto-11.0.14.1\bin\verify.dll
0x00007fff39a80000 - 0x00007fff39c64000 	C:\Windows\SYSTEM32\DBGHELP.DLL
0x00007fff29ad0000 - 0x00007fff29afc000 	C:\Windows\SYSTEM32\dbgcore.DLL
0x00007fff3b510000 - 0x00007fff3b592000 	C:\Windows\System32\bcryptPrimitives.dll
0x00007fff2d300000 - 0x00007fff2d328000 	C:\Users\Thanh\.jdks\corretto-11.0.14.1\bin\java.dll
0x00007fff362e0000 - 0x00007fff362ea000 	C:\Users\Thanh\.jdks\corretto-11.0.14.1\bin\jimage.dll
0x00007fff2d2e0000 - 0x00007fff2d2f8000 	C:\Users\Thanh\.jdks\corretto-11.0.14.1\bin\zip.dll
0x00007fff3bed0000 - 0x00007fff3c614000 	C:\Windows\System32\SHELL32.dll
0x00007fff392d0000 - 0x00007fff39a64000 	C:\Windows\SYSTEM32\windows.storage.dll
0x00007fff3d7c0000 - 0x00007fff3db14000 	C:\Windows\System32\combase.dll
0x00007fff3ae60000 - 0x00007fff3ae8c000 	C:\Windows\SYSTEM32\Wldp.dll
0x00007fff3c980000 - 0x00007fff3ca2d000 	C:\Windows\System32\SHCORE.dll
0x00007fff3d480000 - 0x00007fff3d4d5000 	C:\Windows\System32\shlwapi.dll
0x00007fff3b340000 - 0x00007fff3b35f000 	C:\Windows\SYSTEM32\profapi.dll
0x00007fff2c270000 - 0x00007fff2c289000 	C:\Users\Thanh\.jdks\corretto-11.0.14.1\bin\net.dll
0x00007fff2e250000 - 0x00007fff2e35a000 	C:\Windows\SYSTEM32\WINHTTP.dll
0x00007fff3abc0000 - 0x00007fff3ac2a000 	C:\Windows\system32\mswsock.dll
0x00007fff2c250000 - 0x00007fff2c263000 	C:\Users\Thanh\.jdks\corretto-11.0.14.1\bin\nio.dll
0x00007fff341e0000 - 0x00007fff34207000 	C:\Users\Thanh\.gradle\native\f6784746aeab05261644944871eae4fe03e0ef1612fff0a4a95f87b438bc6780\windows-amd64\native-platform.dll
0x00007fff362b0000 - 0x00007fff362b9000 	C:\Users\Thanh\.jdks\corretto-11.0.14.1\bin\management.dll
0x00007fff34190000 - 0x00007fff3419b000 	C:\Users\Thanh\.jdks\corretto-11.0.14.1\bin\management_ext.dll
0x00007fff3adb0000 - 0x00007fff3adc8000 	C:\Windows\SYSTEM32\CRYPTSP.dll
0x00007fff3a4d0000 - 0x00007fff3a504000 	C:\Windows\system32\rsaenh.dll
0x00007fff3bac0000 - 0x00007fff3bae7000 	C:\Windows\System32\bcrypt.dll
0x00007fff3b2c0000 - 0x00007fff3b2ee000 	C:\Windows\SYSTEM32\USERENV.dll
0x00007fff3add0000 - 0x00007fff3addc000 	C:\Windows\SYSTEM32\CRYPTBASE.dll
0x00007fff3a860000 - 0x00007fff3a89b000 	C:\Windows\SYSTEM32\IPHLPAPI.DLL
0x00007fff3dc40000 - 0x00007fff3dc48000 	C:\Windows\System32\NSI.dll
0x00007fff346d0000 - 0x00007fff346e7000 	C:\Windows\SYSTEM32\dhcpcsvc6.DLL
0x00007fff348c0000 - 0x00007fff348dd000 	C:\Windows\SYSTEM32\dhcpcsvc.DLL
0x00007fff3a8b0000 - 0x00007fff3a97b000 	C:\Windows\SYSTEM32\DNSAPI.dll
0x00007fff34980000 - 0x00007fff3498b000 	C:\Windows\SYSTEM32\WINNSI.DLL
0x00007fff2d610000 - 0x00007fff2d61e000 	C:\Users\Thanh\.jdks\corretto-11.0.14.1\bin\sunmscapi.dll
0x00007fff3b660000 - 0x00007fff3b7b6000 	C:\Windows\System32\CRYPT32.dll
0x00007fff3aed0000 - 0x00007fff3aef7000 	C:\Windows\SYSTEM32\ncrypt.dll
0x00007fff3ae90000 - 0x00007fff3aecb000 	C:\Windows\SYSTEM32\NTASN1.dll
0x00007fff2d5e0000 - 0x00007fff2d605000 	C:\Users\Thanh\.jdks\corretto-11.0.14.1\bin\sunec.dll

dbghelp: loaded successfully - version: 4.0.5 - missing functions: none
symbol engine: initialized successfully - sym options: 0x614 - pdb path: .;C:\Users\Thanh\.jdks\corretto-11.0.14.1\bin;C:\Windows\SYSTEM32;C:\Windows\WinSxS\amd64_microsoft.windows.common-controls_6595b64144ccf1df_6.0.19041.1110_none_60b5254171f9507e;C:\Users\Thanh\.jdks\corretto-11.0.14.1\bin\server;C:\Users\Thanh\.gradle\native\f6784746aeab05261644944871eae4fe03e0ef1612fff0a4a95f87b438bc6780\windows-amd64

VM Arguments:
jvm_args: --add-opens=java.base/java.util=ALL-UNNAMED --add-opens=java.base/java.lang=ALL-UNNAMED --add-opens=java.base/java.lang.invoke=ALL-UNNAMED --add-opens=java.prefs/java.util.prefs=ALL-UNNAMED -Xmx2048m -Dfile.encoding=UTF-8 -Duser.country=US -Duser.language=en -Duser.variant 
java_command: org.gradle.launcher.daemon.bootstrap.GradleDaemon 6.5
java_class_path (initial): C:\Users\Thanh\.gradle\wrapper\dists\gradle-6.5-all\2oz4ud9k3tuxjg84bbf55q0tn\gradle-6.5\lib\gradle-launcher-6.5.jar
Launcher Type: SUN_STANDARD

[Global flags]
     intx CICompilerCount                          = 4                                         {product} {ergonomic}
     uint ConcGCThreads                            = 3                                         {product} {ergonomic}
     uint G1ConcRefinementThreads                  = 10                                        {product} {ergonomic}
   size_t G1HeapRegionSize                         = 1048576                                   {product} {ergonomic}
    uintx GCDrainStackTargetSize                   = 64                                        {product} {ergonomic}
   size_t InitialHeapSize                          = 123731968                                 {product} {ergonomic}
   size_t MarkStackSize                            = 4194304                                   {product} {ergonomic}
   size_t MaxHeapSize                              = 2147483648                                {product} {command line}
   size_t MaxNewSize                               = 1287651328                                {product} {ergonomic}
   size_t MinHeapDeltaBytes                        = 1048576                                   {product} {ergonomic}
    uintx NonNMethodCodeHeapSize                   = 5836300                                {pd product} {ergonomic}
    uintx NonProfiledCodeHeapSize                  = 122910970                              {pd product} {ergonomic}
    uintx ProfiledCodeHeapSize                     = 122910970                              {pd product} {ergonomic}
    uintx ReservedCodeCacheSize                    = 251658240                              {pd product} {ergonomic}
     bool SegmentedCodeCache                       = true                                      {product} {ergonomic}
     bool UseCompressedClassPointers               = true                                 {lp64_product} {ergonomic}
     bool UseCompressedOops                        = true                                 {lp64_product} {ergonomic}
     bool UseG1GC                                  = true                                      {product} {ergonomic}
     bool UseLargePagesIndividualAllocation        = false                                  {pd product} {ergonomic}

Logging:
Log output configuration:
 #0: stdout all=warning uptime,level,tags
 #1: stderr all=off uptime,level,tags

Environment Variables:
PATH=C:\Program Files\Common Files\Oracle\Java\javapath;C:\Windows\system32;C:\Windows;C:\Windows\System32\Wbem;C:\Windows\System32\WindowsPowerShell\v1.0\;C:\Windows\System32\OpenSSH\;C:\Program Files (x86)\NVIDIA Corporation\PhysX\Common;C:\Program Files\NVIDIA Corporation\NVIDIA NvDLISR;C:\ProgramData\ComposerSetup\bin;C:\Program Files\dotnet\;C:\Program Files\Cloudflare\Cloudflare WARP;C:\Program Files\Microchip\xc8\v2.36\bin;C:\Program Files\Git\cmd;C:\Users\Thanh\AppData\Local\Microsoft\WindowsApps;C:\Users\Thanh\AppData\Roaming\Composer\vendor\bin;C:\xampp\php;C:\Users\Thanh\AppData\Local\Programs\Microsoft VS Code\bin;C:\Program Files\Java\jdk-17.0.1\bin;C:\Users\Thanh\AppData\Local\GitHubDesktop\bin
USERNAME=Thanh
OS=Windows_NT
PROCESSOR_IDENTIFIER=AMD64 Family 23 Model 96 Stepping 1, AuthenticAMD



---------------  S Y S T E M  ---------------

OS: Windows 10 , 64 bit Build 19041 (10.0.19041.1706)
OS uptime: 0 days 12:51 hours

CPU:total 12 (initial active 12) (12 cores per cpu, 2 threads per core) family 23 model 96 stepping 1 microcode 0x0, cmov, cx8, fxsr, mmx, sse, sse2, sse3, ssse3, sse4.1, sse4.2, popcnt, avx, avx2, aes, clmul, mmxext, 3dnowpref, lzcnt, sse4a, ht, tsc, tscinvbit, tscinv, bmi1, bmi2, adx, sha, fma

Memory: 4k page, system-wide physical 7549M (398M free)
TotalPageFile size 14717M (AvailPageFile size 2M)
current process WorkingSet (physical memory assigned to process): 419M, peak: 435M
current process commit charge ("private bytes"): 690M, peak: 690M

vm_info: OpenJDK 64-Bit Server VM (11.0.14.1+10-LTS) for windows-amd64 JRE (11.0.14.1+10-LTS), built on Feb  8 2022 00:13:20 by "Administrator" with unknown MS VC++:1916

END.
